Using pre-set license
Built from '2020.3/staging' branch; Version is '2020.3.24f1 (79c78de19888) revision 7980941'; Using compiler version '192528614'; Build Type 'Release'
OS: 'Windows 10  (10.0.19042) 64bit Professional' Language: 'es' Physical Memory: 16327 MB
BatchMode: 1, IsHumanControllingUs: 0, StartBugReporterOnCrash: 0, Is64bit: 1, IsPro: 0

COMMAND LINE ARGUMENTS:
C:\Program Files\Unity\Hub\Editor\2020.3.24f1\Editor\Unity.exe
-adb2
-batchMode
-noUpm
-name
AssetImportWorker0
-projectPath
C:/Users/Richard/Desktop/Prog. Projects/Github Repositories/Programming-Theory-Project/Programming Theory Project
-logFile
Logs/AssetImportWorker0.log
-srvPort
54792
Successfully changed project path to: C:/Users/Richard/Desktop/Prog. Projects/Github Repositories/Programming-Theory-Project/Programming Theory Project
C:/Users/Richard/Desktop/Prog. Projects/Github Repositories/Programming-Theory-Project/Programming Theory Project
Using Asset Import Pipeline V2.
Refreshing native plugins compatible for Editor in 57.34 ms, found 2 plugins.
Preloading 0 native plugins for Editor in 0.00 ms.
Initialize engine version: 2020.3.24f1 (79c78de19888)
[Subsystems] Discovering subsystems at path C:/Program Files/Unity/Hub/Editor/2020.3.24f1/Editor/Data/Resources/UnitySubsystems
[Subsystems] Discovering subsystems at path C:/Users/Richard/Desktop/Prog. Projects/Github Repositories/Programming-Theory-Project/Programming Theory Project/Assets
GfxDevice: creating device client; threaded=0
Direct3D:
    Version:  Direct3D 11.0 [level 11.1]
    Renderer: NVIDIA GeForce RTX 3070 (ID=0x2484)
    Vendor:   
    VRAM:     8043 MB
    Driver:   30.0.14.9709
Shader 'Universal Render Pipeline/Particles/Lit': fallback shader 'Universal Render Pipeline/Particles/SimpleLit' not found
Initialize mono
Mono path[0] = 'C:/Program Files/Unity/Hub/Editor/2020.3.24f1/Editor/Data/Managed'
Mono path[1] = 'C:/Program Files/Unity/Hub/Editor/2020.3.24f1/Editor/Data/MonoBleedingEdge/lib/mono/unityjit'
Mono config path = 'C:/Program Files/Unity/Hub/Editor/2020.3.24f1/Editor/Data/MonoBleedingEdge/etc'
Using monoOptions --debugger-agent=transport=dt_socket,embedding=1,server=y,suspend=n,address=127.0.0.1:56928
Begin MonoManager ReloadAssembly
Registering precompiled unity dll's ...
Register platform support module: C:/Program Files/Unity/Hub/Editor/2020.3.24f1/Editor/Data/PlaybackEngines/WebGLSupport/UnityEditor.WebGL.Extensions.dll
Register platform support module: C:/Program Files/Unity/Hub/Editor/2020.3.24f1/Editor/Data/PlaybackEngines/WindowsStandaloneSupport/UnityEditor.WindowsStandalone.Extensions.dll
Registered in 0.002662 seconds.
Native extension for WindowsStandalone target not found
Native extension for WebGL target not found
Refreshing native plugins compatible for Editor in 55.36 ms, found 2 plugins.
Preloading 0 native plugins for Editor in 0.00 ms.
Mono: successfully reloaded assembly
- Completed reload, in  0.592 seconds
Domain Reload Profiling:
	ReloadAssembly (592ms)
		BeginReloadAssembly (53ms)
			ExecutionOrderSort (0ms)
			DisableScriptedObjects (0ms)
			BackupInstance (0ms)
			ReleaseScriptingObjects (0ms)
			CreateAndSetChildDomain (1ms)
		EndReloadAssembly (459ms)
			LoadAssemblies (51ms)
			RebuildTransferFunctionScriptingTraits (0ms)
			SetupTypeCache (151ms)
			ReleaseScriptCaches (0ms)
			RebuildScriptCaches (29ms)
			SetupLoadedEditorAssemblies (178ms)
				LogAssemblyErrors (0ms)
				InitializePlatformSupportModulesInManaged (6ms)
				SetLoadedEditorAssemblies (0ms)
				RefreshPlugins (55ms)
				BeforeProcessingInitializeOnLoad (16ms)
				ProcessInitializeOnLoadAttributes (75ms)
				ProcessInitializeOnLoadMethodAttributes (26ms)
				AfterProcessingInitializeOnLoad (0ms)
				EditorAssembliesLoaded (0ms)
			ExecutionOrderSort2 (0ms)
			AwakeInstancesAfterBackupRestoration (0ms)
Platform modules already initialized, skipping
Registering precompiled user dll's ...
Registered in 0.005342 seconds.
Begin MonoManager ReloadAssembly
Native extension for WindowsStandalone target not found
Native extension for WebGL target not found
Refreshing native plugins compatible for Editor in 53.84 ms, found 2 plugins.
Preloading 0 native plugins for Editor in 0.00 ms.
Mono: successfully reloaded assembly
- Completed reload, in  1.161 seconds
Domain Reload Profiling:
	ReloadAssembly (1162ms)
		BeginReloadAssembly (145ms)
			ExecutionOrderSort (0ms)
			DisableScriptedObjects (4ms)
			BackupInstance (0ms)
			ReleaseScriptingObjects (0ms)
			CreateAndSetChildDomain (20ms)
		EndReloadAssembly (949ms)
			LoadAssemblies (90ms)
			RebuildTransferFunctionScriptingTraits (0ms)
			SetupTypeCache (323ms)
			ReleaseScriptCaches (1ms)
			RebuildScriptCaches (52ms)
			SetupLoadedEditorAssemblies (363ms)
				LogAssemblyErrors (0ms)
				InitializePlatformSupportModulesInManaged (4ms)
				SetLoadedEditorAssemblies (0ms)
				RefreshPlugins (54ms)
				BeforeProcessingInitializeOnLoad (92ms)
				ProcessInitializeOnLoadAttributes (198ms)
				ProcessInitializeOnLoadMethodAttributes (8ms)
				AfterProcessingInitializeOnLoad (7ms)
				EditorAssembliesLoaded (0ms)
			ExecutionOrderSort2 (0ms)
			AwakeInstancesAfterBackupRestoration (6ms)
Platform modules already initialized, skipping
========================================================================
Worker process is ready to serve import requests
Shader 'Universal Render Pipeline/Particles/Lit': fallback shader 'Universal Render Pipeline/Particles/SimpleLit' not found
Launched and connected shader compiler UnityShaderCompiler.exe after 0.05 seconds
Refreshing native plugins compatible for Editor in 0.63 ms, found 2 plugins.
Preloading 0 native plugins for Editor in 0.00 ms.
Unloading 2752 Unused Serialized files (Serialized files now loaded: 0)
System memory in use before: 115.4 MB.
System memory in use after: 115.6 MB.

Unloading 20 unused Assets to reduce memory usage. Loaded Objects now: 3184.
Total: 4.007800 ms (FindLiveObjects: 0.316700 ms CreateObjectMapping: 0.087400 ms MarkObjects: 3.506700 ms  DeleteObjects: 0.095600 ms)

AssetImportParameters requested are different than current active one (requested -> active):
  custom:framework-win-MediaFoundation: 216162199b28c13a410421893ffa2e32 -> 
  custom:video-decoder-ogg-theora: a1e56fd34408186e4bbccfd4996cb3dc -> 
  custom:container-muxer-webm: aa71ff27fc2769a1b78a27578f13a17b -> 
  custom:container-demuxer-webm: 4f35f7cbe854078d1ac9338744f61a02 -> 
  custom:container-demuxer-ogg: 62fdf1f143b41e24485cea50d1cbac27 -> 
  custom:srp/default-shader: 00a0da0d000000000000000000000000 -> 0000e00a000e0de00000e000e0000000
  custom:video-encoder-webm-vp8: eb34c28f22e8b96e1ab97ce403110664 -> 
  custom:video-decoder-webm-vp8: 9c59270c3fd7afecdb556c50c9e8de78 -> 
  custom:audio-decoder-ogg-vorbis: bf7c407c2cedff20999df2af8eb42d56 -> 
  custom:audio-encoder-webm-vorbis: bf7c407c2cedff20999df2af8eb42d56 -> 
========================================================================
Received Import Request.
  path: Assets/Scenes/SampleScene.unity
  artifactKey: Guid(9fc0d4010bbf28b4594072e72b8655ab) Importer(815301076,1909f56bfc062723c751e8b465ee728b)
Start importing Assets/Scenes/SampleScene.unity using Guid(9fc0d4010bbf28b4594072e72b8655ab) Importer(815301076,1909f56bfc062723c751e8b465ee728b)  -> (artifact id: '0f564587ad574db15024e4df73677df7') in 0.024722 seconds 
  Import took 0.029388 seconds .

========================================================================
Received Import Request.
  Time since last request: 0.778746 seconds.
  path: Assets/Asset Unlock - 3D Prototyping/Scenes/SampleScene/LightingData.asset
  artifactKey: Guid(8b2c883e4fc9a3e47a2aba443c4c10fe) Importer(815301076,1909f56bfc062723c751e8b465ee728b)
Start importing Assets/Asset Unlock - 3D Prototyping/Scenes/SampleScene/LightingData.asset using Guid(8b2c883e4fc9a3e47a2aba443c4c10fe) Importer(815301076,1909f56bfc062723c751e8b465ee728b)  -> (artifact id: 'a149acef09e996552eb31fa0611a8205') in 0.034634 seconds 
  Import took 0.039853 seconds .

========================================================================
Received Import Request.
  Time since last request: 0.000246 seconds.
  path: Assets/Asset Unlock - 3D Prototyping/Scenes/SampleScene/Lightmap-0_comp_light.exr
  artifactKey: Guid(36fed42f958c8c046b0758726c272edf) Importer(815301076,1909f56bfc062723c751e8b465ee728b)
Start importing Assets/Asset Unlock - 3D Prototyping/Scenes/SampleScene/Lightmap-0_comp_light.exr using Guid(36fed42f958c8c046b0758726c272edf) Importer(815301076,1909f56bfc062723c751e8b465ee728b)  -> (artifact id: '72ea95aae9df2c45f562828ea5daf48a') in 0.063115 seconds 
  Import took 0.067676 seconds .

========================================================================
Received Import Request.
  Time since last request: 0.000178 seconds.
  path: Assets/Asset Unlock - 3D Prototyping/Scenes/SampleScene/Lightmap-1_comp_light.exr
  artifactKey: Guid(1a314f597442f534ba5960f94b3466a0) Importer(815301076,1909f56bfc062723c751e8b465ee728b)
Start importing Assets/Asset Unlock - 3D Prototyping/Scenes/SampleScene/Lightmap-1_comp_light.exr using Guid(1a314f597442f534ba5960f94b3466a0) Importer(815301076,1909f56bfc062723c751e8b465ee728b)  -> (artifact id: 'd51ce386ce5f3ac1585a497d5004ff30') in 0.016865 seconds 
  Import took 0.021181 seconds .

========================================================================
Received Import Request.
  Time since last request: 0.000157 seconds.
  path: Assets/Asset Unlock - 3D Prototyping/Scenes/SampleScene/Lightmap-2_comp_dir.png
  artifactKey: Guid(14cc40eeae312a44dbf1e1175fc236c9) Importer(815301076,1909f56bfc062723c751e8b465ee728b)
Start importing Assets/Asset Unlock - 3D Prototyping/Scenes/SampleScene/Lightmap-2_comp_dir.png using Guid(14cc40eeae312a44dbf1e1175fc236c9) Importer(815301076,1909f56bfc062723c751e8b465ee728b)  -> (artifact id: '1ba03aeea1eb1ae4c8677a8df825e0c6') in 0.047453 seconds 
  Import took 0.051613 seconds .

========================================================================
Received Import Request.
  Time since last request: 0.000168 seconds.
  path: Assets/Asset Unlock - 3D Prototyping/Scenes/SampleScene/Lightmap-1_comp_dir.png
  artifactKey: Guid(a7fb58110bbc9ec499ab11a9cc6bbc95) Importer(815301076,1909f56bfc062723c751e8b465ee728b)
Start importing Assets/Asset Unlock - 3D Prototyping/Scenes/SampleScene/Lightmap-1_comp_dir.png using Guid(a7fb58110bbc9ec499ab11a9cc6bbc95) Importer(815301076,1909f56bfc062723c751e8b465ee728b)  -> (artifact id: '279062bd971f67c89bcd242421f8e45d') in 0.023864 seconds 
  Import took 0.027993 seconds .

========================================================================
Received Import Request.
  Time since last request: 0.000249 seconds.
  path: Assets/Asset Unlock - 3D Prototyping/Scenes/SampleScene/ReflectionProbe-0.exr
  artifactKey: Guid(e7cba5e895f8b694bba4bf52997da50e) Importer(815301076,1909f56bfc062723c751e8b465ee728b)
Start importing Assets/Asset Unlock - 3D Prototyping/Scenes/SampleScene/ReflectionProbe-0.exr using Guid(e7cba5e895f8b694bba4bf52997da50e) Importer(815301076,1909f56bfc062723c751e8b465ee728b)  -> (artifact id: 'f3cfc30b938605290f619b3a6876de5d') in 0.041051 seconds 
  Import took 0.045185 seconds .

========================================================================
Received Import Request.
  Time since last request: 0.000190 seconds.
  path: Assets/Asset Unlock - 3D Prototyping/Scenes/SampleScene/Lightmap-0_comp_dir.png
  artifactKey: Guid(a17d8020fbd722e48bc4ac2dded7a1d1) Importer(815301076,1909f56bfc062723c751e8b465ee728b)
Start importing Assets/Asset Unlock - 3D Prototyping/Scenes/SampleScene/Lightmap-0_comp_dir.png using Guid(a17d8020fbd722e48bc4ac2dded7a1d1) Importer(815301076,1909f56bfc062723c751e8b465ee728b)  -> (artifact id: 'f7d5cef540d4ef358e7c4c173f5ee74e') in 0.014231 seconds 
  Import took 0.018501 seconds .

========================================================================
Received Import Request.
  Time since last request: 0.000158 seconds.
  path: Assets/Asset Unlock - 3D Prototyping/Scenes/SampleScene/Lightmap-2_comp_light.exr
  artifactKey: Guid(e95609421842f6a49a249ec6d0c480d3) Importer(815301076,1909f56bfc062723c751e8b465ee728b)
Start importing Assets/Asset Unlock - 3D Prototyping/Scenes/SampleScene/Lightmap-2_comp_light.exr using Guid(e95609421842f6a49a249ec6d0c480d3) Importer(815301076,1909f56bfc062723c751e8b465ee728b)  -> (artifact id: '9d7cd62a25476e09fbb496e0b7c94873') in 0.014871 seconds 
  Import took 0.019623 seconds .

========================================================================
Received Import Request.
  Time since last request: 256.841130 seconds.
  path: Assets/Asset Unlock - 3D Prototyping/Prototyping Assets/Prefabs/Environment/LevelPrototyping/Block.prefab
  artifactKey: Guid(207ade7b2f633eb468ca66c61473a72c) Importer(815301076,1909f56bfc062723c751e8b465ee728b)
Start importing Assets/Asset Unlock - 3D Prototyping/Prototyping Assets/Prefabs/Environment/LevelPrototyping/Block.prefab using Guid(207ade7b2f633eb468ca66c61473a72c) Importer(815301076,1909f56bfc062723c751e8b465ee728b)  -> (artifact id: '409fe60fcecd4ed345e596b1f3d171ac') in 0.938095 seconds 
  Import took 0.943313 seconds .

========================================================================
Received Import Request.
  Time since last request: 0.000286 seconds.
  path: Assets/Asset Unlock - 3D Prototyping/Prototyping Assets/Prefabs/Environment/LevelPrototyping/WallRailing.prefab
  artifactKey: Guid(dbbda79a36e218049af7dd8ceb3820b4) Importer(815301076,1909f56bfc062723c751e8b465ee728b)
Start importing Assets/Asset Unlock - 3D Prototyping/Prototyping Assets/Prefabs/Environment/LevelPrototyping/WallRailing.prefab using Guid(dbbda79a36e218049af7dd8ceb3820b4) Importer(815301076,1909f56bfc062723c751e8b465ee728b)  -> (artifact id: 'b263f9d44b0585b30647e9b907ea2403') in 0.403799 seconds 
  Import took 0.408870 seconds .

========================================================================
Received Import Request.
  Time since last request: 0.000229 seconds.
  path: Assets/Asset Unlock - 3D Prototyping/Prototyping Assets/Prefabs/Environment/LevelPrototyping/Steps.prefab
  artifactKey: Guid(437e3fac1426ccd4ab74d5820eeb44c5) Importer(815301076,1909f56bfc062723c751e8b465ee728b)
Start importing Assets/Asset Unlock - 3D Prototyping/Prototyping Assets/Prefabs/Environment/LevelPrototyping/Steps.prefab using Guid(437e3fac1426ccd4ab74d5820eeb44c5) Importer(815301076,1909f56bfc062723c751e8b465ee728b)  -> (artifact id: '77e4f28f36cbb815777242f8196ca322') in 0.035066 seconds 
  Import took 0.039844 seconds .

========================================================================
Received Import Request.
  Time since last request: 0.000260 seconds.
  path: Assets/Asset Unlock - 3D Prototyping/Prototyping Assets/Prefabs/Environment/LevelPrototyping/WallColumn.prefab
  artifactKey: Guid(76e71251832a680428509957b1c2d590) Importer(815301076,1909f56bfc062723c751e8b465ee728b)
Start importing Assets/Asset Unlock - 3D Prototyping/Prototyping Assets/Prefabs/Environment/LevelPrototyping/WallColumn.prefab using Guid(76e71251832a680428509957b1c2d590) Importer(815301076,1909f56bfc062723c751e8b465ee728b)  -> (artifact id: '06acacb17a37f285f40380db75f218bf') in 0.018994 seconds 
  Import took 0.025426 seconds .

========================================================================
Received Import Request.
  Time since last request: 0.000282 seconds.
  path: Assets/Asset Unlock - 3D Prototyping/Prototyping Assets/Prefabs/Environment/LevelPrototyping/Environment.prefab
  artifactKey: Guid(02a3fadbfbe6636439813bc36180b0cd) Importer(815301076,1909f56bfc062723c751e8b465ee728b)
Start importing Assets/Asset Unlock - 3D Prototyping/Prototyping Assets/Prefabs/Environment/LevelPrototyping/Environment.prefab using Guid(02a3fadbfbe6636439813bc36180b0cd) Importer(815301076,1909f56bfc062723c751e8b465ee728b)  -> (artifact id: '16fe9af5a604b0d1ce5cba93ffd9657f') in 0.424046 seconds 
  Import took 0.429391 seconds .

========================================================================
Received Import Request.
  Time since last request: 0.000206 seconds.
  path: Assets/Asset Unlock - 3D Prototyping/Prototyping Assets/Prefabs/Environment/LevelPrototyping/WallCurved.prefab
  artifactKey: Guid(9e2b0132726d5064bab97974d8aac777) Importer(815301076,1909f56bfc062723c751e8b465ee728b)
Start importing Assets/Asset Unlock - 3D Prototyping/Prototyping Assets/Prefabs/Environment/LevelPrototyping/WallCurved.prefab using Guid(9e2b0132726d5064bab97974d8aac777) Importer(815301076,1909f56bfc062723c751e8b465ee728b)  -> (artifact id: 'fbf470d5a0826d1b3018bf342a899eeb') in 0.019009 seconds 
  Import took 0.023591 seconds .

========================================================================
Received Import Request.
  Time since last request: 0.000192 seconds.
  path: Assets/Asset Unlock - 3D Prototyping/Prototyping Assets/Prefabs/Environment/LevelPrototyping/WallStraightShortTall.prefab
  artifactKey: Guid(fe270ab6332a48a44841db3a436533fd) Importer(815301076,1909f56bfc062723c751e8b465ee728b)
Start importing Assets/Asset Unlock - 3D Prototyping/Prototyping Assets/Prefabs/Environment/LevelPrototyping/WallStraightShortTall.prefab using Guid(fe270ab6332a48a44841db3a436533fd) Importer(815301076,1909f56bfc062723c751e8b465ee728b)  -> (artifact id: '586b5ef7a27a631176228a7563f9dc33') in 0.032734 seconds 
  Import took 0.037066 seconds .

========================================================================
Received Import Request.
  Time since last request: 0.000172 seconds.
  path: Assets/Asset Unlock - 3D Prototyping/Prototyping Assets/Prefabs/Environment/LevelPrototyping/WallStraightShort.prefab
  artifactKey: Guid(5419e7945ce151a4bb8a6ffd512bdf2e) Importer(815301076,1909f56bfc062723c751e8b465ee728b)
Start importing Assets/Asset Unlock - 3D Prototyping/Prototyping Assets/Prefabs/Environment/LevelPrototyping/WallStraightShort.prefab using Guid(5419e7945ce151a4bb8a6ffd512bdf2e) Importer(815301076,1909f56bfc062723c751e8b465ee728b)  -> (artifact id: '83c79894ab86875c9aad4f036adacd74') in 0.016606 seconds 
  Import took 0.020968 seconds .

========================================================================
Received Import Request.
  Time since last request: 0.000197 seconds.
  path: Assets/Asset Unlock - 3D Prototyping/Prototyping Assets/Prefabs/Environment/LevelPrototyping/WallStraightTall.prefab
  artifactKey: Guid(80d1367295ec94f4e8c7ee9b5f66079a) Importer(815301076,1909f56bfc062723c751e8b465ee728b)
Start importing Assets/Asset Unlock - 3D Prototyping/Prototyping Assets/Prefabs/Environment/LevelPrototyping/WallStraightTall.prefab using Guid(80d1367295ec94f4e8c7ee9b5f66079a) Importer(815301076,1909f56bfc062723c751e8b465ee728b)  -> (artifact id: 'cc0482b4d33299419fc772f59585ce94') in 0.015145 seconds 
  Import took 0.020140 seconds .

========================================================================
Received Import Request.
  Time since last request: 0.000260 seconds.
  path: Assets/Asset Unlock - 3D Prototyping/Prototyping Assets/Prefabs/Environment/LevelPrototyping/Ramp.prefab
  artifactKey: Guid(d171ec5652f4bf146bb3af079472b2ac) Importer(815301076,1909f56bfc062723c751e8b465ee728b)
Start importing Assets/Asset Unlock - 3D Prototyping/Prototyping Assets/Prefabs/Environment/LevelPrototyping/Ramp.prefab using Guid(d171ec5652f4bf146bb3af079472b2ac) Importer(815301076,1909f56bfc062723c751e8b465ee728b)  -> (artifact id: '658368bbae6d5e0712ef02d0fe51576e') in 0.017365 seconds 
  Import took 0.022480 seconds .

========================================================================
Received Import Request.
  Time since last request: 0.000165 seconds.
  path: Assets/Asset Unlock - 3D Prototyping/Prototyping Assets/Prefabs/Environment/LevelPrototyping/Doors.prefab
  artifactKey: Guid(5c4c8dcc12aea744a8fd42b64f45aced) Importer(815301076,1909f56bfc062723c751e8b465ee728b)
Start importing Assets/Asset Unlock - 3D Prototyping/Prototyping Assets/Prefabs/Environment/LevelPrototyping/Doors.prefab using Guid(5c4c8dcc12aea744a8fd42b64f45aced) Importer(815301076,1909f56bfc062723c751e8b465ee728b)  -> (artifact id: 'de252fc54c380b024cf282e95bc8276e') in 0.410872 seconds 
  Import took 0.415377 seconds .

========================================================================
Received Import Request.
  Time since last request: 0.000176 seconds.
  path: Assets/Asset Unlock - 3D Prototyping/Prototyping Assets/Prefabs/Environment/LevelPrototyping/WallArch.prefab
  artifactKey: Guid(1b5a0847849c8414c9cc3d2bdae8885c) Importer(815301076,1909f56bfc062723c751e8b465ee728b)
Start importing Assets/Asset Unlock - 3D Prototyping/Prototyping Assets/Prefabs/Environment/LevelPrototyping/WallArch.prefab using Guid(1b5a0847849c8414c9cc3d2bdae8885c) Importer(815301076,1909f56bfc062723c751e8b465ee728b)  -> (artifact id: 'f020129d09be95b35db87628054d621b') in 0.015128 seconds 
  Import took 0.019408 seconds .

========================================================================
Received Import Request.
  Time since last request: 0.000167 seconds.
  path: Assets/Asset Unlock - 3D Prototyping/Prototyping Assets/Prefabs/Environment/LevelPrototyping/WallStraight.prefab
  artifactKey: Guid(200e4cad0f905f24791cbd4a39d80432) Importer(815301076,1909f56bfc062723c751e8b465ee728b)
Start importing Assets/Asset Unlock - 3D Prototyping/Prototyping Assets/Prefabs/Environment/LevelPrototyping/WallStraight.prefab using Guid(200e4cad0f905f24791cbd4a39d80432) Importer(815301076,1909f56bfc062723c751e8b465ee728b)  -> (artifact id: 'e601ebc9980a31f9d78c7b99238cc16c') in 0.014943 seconds 
  Import took 0.019405 seconds .

========================================================================
Received Import Request.
  Time since last request: 0.000179 seconds.
  path: Assets/Asset Unlock - 3D Prototyping/Prototyping Assets/Prefabs/Environment/LevelPrototyping/WallCorner.prefab
  artifactKey: Guid(737e54f7cf918c341b7c1b8e0b5c2d1d) Importer(815301076,1909f56bfc062723c751e8b465ee728b)
Start importing Assets/Asset Unlock - 3D Prototyping/Prototyping Assets/Prefabs/Environment/LevelPrototyping/WallCorner.prefab using Guid(737e54f7cf918c341b7c1b8e0b5c2d1d) Importer(815301076,1909f56bfc062723c751e8b465ee728b)  -> (artifact id: 'b37d63b070f98fb75b575b2678b89959') in 0.014568 seconds 
  Import took 0.019136 seconds .

========================================================================
Received Import Request.
  Time since last request: 0.000184 seconds.
  path: Assets/Asset Unlock - 3D Prototyping/Prototyping Assets/Prefabs/Environment/LevelPrototyping/Platform.prefab
  artifactKey: Guid(4a6eeac5f9d52d5429d7ee5a399fa816) Importer(815301076,1909f56bfc062723c751e8b465ee728b)
Start importing Assets/Asset Unlock - 3D Prototyping/Prototyping Assets/Prefabs/Environment/LevelPrototyping/Platform.prefab using Guid(4a6eeac5f9d52d5429d7ee5a399fa816) Importer(815301076,1909f56bfc062723c751e8b465ee728b)  -> (artifact id: '980284e485e4132b2a77328461b4047d') in 0.396549 seconds 
  Import took 0.401750 seconds .

========================================================================
Received Import Request.
  Time since last request: 0.000284 seconds.
  path: Assets/Asset Unlock - 3D Prototyping/Prototyping Assets/Prefabs/Environment/LevelPrototyping/RampLarge.prefab
  artifactKey: Guid(04c867ff899fa1a4da509983d9d3c1de) Importer(815301076,1909f56bfc062723c751e8b465ee728b)
Start importing Assets/Asset Unlock - 3D Prototyping/Prototyping Assets/Prefabs/Environment/LevelPrototyping/RampLarge.prefab using Guid(04c867ff899fa1a4da509983d9d3c1de) Importer(815301076,1909f56bfc062723c751e8b465ee728b)  -> (artifact id: 'f20f2d273d36571cd98b7054476f30bc') in 0.017886 seconds 
  Import took 0.022407 seconds .

========================================================================
Received Import Request.
  Time since last request: 0.000202 seconds.
  path: Assets/Asset Unlock - 3D Prototyping/Prototyping Assets/Prefabs/Environment/LevelPrototyping/WallCornerShort.prefab
  artifactKey: Guid(3d8a4062f9decd54c937bacc96967b8a) Importer(815301076,1909f56bfc062723c751e8b465ee728b)
Start importing Assets/Asset Unlock - 3D Prototyping/Prototyping Assets/Prefabs/Environment/LevelPrototyping/WallCornerShort.prefab using Guid(3d8a4062f9decd54c937bacc96967b8a) Importer(815301076,1909f56bfc062723c751e8b465ee728b)  -> (artifact id: '49b63a01bf08936506275ade83a93551') in 0.029429 seconds 
  Import took 0.033821 seconds .

========================================================================
Received Import Request.
  Time since last request: 2.630464 seconds.
  path: Assets/Asset Unlock - 3D Prototyping/Character/Animations/Player@Header.fbx
  artifactKey: Guid(bdd7a3a8eb93a8d4da95e93dc477be06) Importer(815301076,1909f56bfc062723c751e8b465ee728b)
Start importing Assets/Asset Unlock - 3D Prototyping/Character/Animations/Player@Header.fbx using Guid(bdd7a3a8eb93a8d4da95e93dc477be06) Importer(815301076,1909f56bfc062723c751e8b465ee728b)  -> (artifact id: '71331d94c65bfd1dcd3989b26b4b28c0') in 0.276868 seconds 
  Import took 0.281988 seconds .

========================================================================
Received Import Request.
  Time since last request: 0.000176 seconds.
  path: Assets/Asset Unlock - 3D Prototyping/Character/Animations/Player@Run_Right.fbx
  artifactKey: Guid(4ef226e844d868d459dcccd09e0d00a8) Importer(815301076,1909f56bfc062723c751e8b465ee728b)
Start importing Assets/Asset Unlock - 3D Prototyping/Character/Animations/Player@Run_Right.fbx using Guid(4ef226e844d868d459dcccd09e0d00a8) Importer(815301076,1909f56bfc062723c751e8b465ee728b)  -> (artifact id: '319f0f5497ba7ca1b2ce8a5a12e72d5a') in 0.031674 seconds 
  Import took 0.036405 seconds .

========================================================================
Received Import Request.
  Time since last request: 0.000182 seconds.
  path: Assets/Asset Unlock - 3D Prototyping/Character/Animations/Player@Jump.fbx
  artifactKey: Guid(6392f929f64b987439d2b17c1782d7b7) Importer(815301076,1909f56bfc062723c751e8b465ee728b)
Start importing Assets/Asset Unlock - 3D Prototyping/Character/Animations/Player@Jump.fbx using Guid(6392f929f64b987439d2b17c1782d7b7) Importer(815301076,1909f56bfc062723c751e8b465ee728b)  -> (artifact id: '307ebae35d00662eec45639599ffb7ce') in 0.029560 seconds 
  Import took 0.034624 seconds .

========================================================================
Received Import Request.
  Time since last request: 0.000166 seconds.
  path: Assets/Asset Unlock - 3D Prototyping/Character/Animations/Player@Run_Left.fbx
  artifactKey: Guid(82d61625b242c0648b53f530255fdf2c) Importer(815301076,1909f56bfc062723c751e8b465ee728b)
Start importing Assets/Asset Unlock - 3D Prototyping/Character/Animations/Player@Run_Left.fbx using Guid(82d61625b242c0648b53f530255fdf2c) Importer(815301076,1909f56bfc062723c751e8b465ee728b)  -> (artifact id: '310f9ec2c08279d9e62eee642e6cd87e') in 0.031559 seconds 
  Import took 0.036141 seconds .

========================================================================
Received Import Request.
  Time since last request: 0.000245 seconds.
  path: Assets/Asset Unlock - 3D Prototyping/Character/Animations/Player@Idle.fbx
  artifactKey: Guid(dece7404437a30844b0b814733705635) Importer(815301076,1909f56bfc062723c751e8b465ee728b)
Start importing Assets/Asset Unlock - 3D Prototyping/Character/Animations/Player@Idle.fbx using Guid(dece7404437a30844b0b814733705635) Importer(815301076,1909f56bfc062723c751e8b465ee728b)  -> (artifact id: '5181b154b3b164096d45a5210bcb6b39') in 0.031904 seconds 
  Import took 0.036582 seconds .

========================================================================
Received Import Request.
  Time since last request: 0.000221 seconds.
  path: Assets/Asset Unlock - 3D Prototyping/Character/Animations/Player@Run.fbx
  artifactKey: Guid(e34fa8afc9a55ed4bacccda1cd9aa7b4) Importer(815301076,1909f56bfc062723c751e8b465ee728b)
Start importing Assets/Asset Unlock - 3D Prototyping/Character/Animations/Player@Run.fbx using Guid(e34fa8afc9a55ed4bacccda1cd9aa7b4) Importer(815301076,1909f56bfc062723c751e8b465ee728b)  -> (artifact id: '106070b6a0bd309c7d98eb5228010a03') in 0.030103 seconds 
  Import took 0.035652 seconds .

========================================================================
Received Import Request.
  Time since last request: 0.000182 seconds.
  path: Assets/Asset Unlock - 3D Prototyping/Character/Animations/Player@Run_BckWrd.fbx
  artifactKey: Guid(f5d5fb87657e160439520b9506935117) Importer(815301076,1909f56bfc062723c751e8b465ee728b)
Start importing Assets/Asset Unlock - 3D Prototyping/Character/Animations/Player@Run_BckWrd.fbx using Guid(f5d5fb87657e160439520b9506935117) Importer(815301076,1909f56bfc062723c751e8b465ee728b)  -> (artifact id: 'c887f074f896b1c96336871b405eaf0e') in 0.029563 seconds 
  Import took 0.034282 seconds .

========================================================================
Received Import Request.
  Time since last request: 5.956638 seconds.
  path: Assets/Asset Unlock - 3D Prototyping/Character/Models/Player.fbx
  artifactKey: Guid(e789208cc0d30394583b7dff5534029e) Importer(815301076,1909f56bfc062723c751e8b465ee728b)
Start importing Assets/Asset Unlock - 3D Prototyping/Character/Models/Player.fbx using Guid(e789208cc0d30394583b7dff5534029e) Importer(815301076,1909f56bfc062723c751e8b465ee728b)  -> (artifact id: 'b7f1d87077b557ec625ad2fa57c3ef3a') in 0.028418 seconds 
  Import took 0.033749 seconds .

========================================================================
Received Import Request.
  Time since last request: 24.353362 seconds.
  path: Assets/Asset Unlock - 3D Prototyping/Character/Materials/Home.mat
  artifactKey: Guid(4ca940cff019c41fb900ba772d2028fd) Importer(815301076,1909f56bfc062723c751e8b465ee728b)
Start importing Assets/Asset Unlock - 3D Prototyping/Character/Materials/Home.mat using Guid(4ca940cff019c41fb900ba772d2028fd) Importer(815301076,1909f56bfc062723c751e8b465ee728b)  -> (artifact id: 'f2fe33dbe87962d6978c9cd62d9a748c') in 0.019801 seconds 
  Import took 0.024761 seconds .

========================================================================
Received Import Request.
  Time since last request: 4.524841 seconds.
  path: Assets/Asset Unlock - 3D Prototyping/Character/Prefabs/Character.prefab
  artifactKey: Guid(34993209cc13e475999759793043db60) Importer(815301076,1909f56bfc062723c751e8b465ee728b)
Start importing Assets/Asset Unlock - 3D Prototyping/Character/Prefabs/Character.prefab using Guid(34993209cc13e475999759793043db60) Importer(815301076,1909f56bfc062723c751e8b465ee728b)  -> (artifact id: '9e3091a8e4eaaedd2780fe82065df7de') in 0.036072 seconds 
  Import took 0.041734 seconds .

========================================================================
Received Import Request.
  Time since last request: 0.000167 seconds.
  path: Assets/Asset Unlock - 3D Prototyping/Character/Prefabs/CharacterRig.prefab
  artifactKey: Guid(bfd644a7bccd7f54fa7fc3378932bf9c) Importer(815301076,1909f56bfc062723c751e8b465ee728b)
Start importing Assets/Asset Unlock - 3D Prototyping/Character/Prefabs/CharacterRig.prefab using Guid(bfd644a7bccd7f54fa7fc3378932bf9c) Importer(815301076,1909f56bfc062723c751e8b465ee728b) Diagnostics callstack to track who triggered the sub-import:
0x00007ff684bf8412 (Unity) ImporterAssetResolver::ResolveAsset
0x00007ff684bc3a72 (Unity) ResolveArtifactV2
0x00007ff684be33f0 (Unity) ImportToObjects
0x00007ff684be27f8 (Unity) ImportAsset
0x00007ff684b44408 (Unity) AssetImportWorker::Import
0x00007ff684b981fa (Unity) <lambda_bc460064e1fa47f4de661f7cf652321c>::operator()
0x00007ff684c3bfc2 (Unity) asio::detail::completion_handler<core::mutable_function<void __cdecl(void)> >::do_complete
0x00007ff684c3e120 (Unity) asio::detail::win_iocp_io_service::do_one
0x00007ff684c418ae (Unity) asio::io_service::run
0x00007ff684bc478b (Unity) RunAssetImportWorkerClientV2
0x00007ff684bc47e0 (Unity) RunAssetImporterV2
0x00007ff68407c746 (Unity) Application::InitializeProject
0x00007ff684a33452 (Unity) WinMain
0x00007ff6867e4416 (Unity) __scrt_common_main_seh
0x00007fff564d7034 (KERNEL32) BaseThreadInitThunk
0x00007fff56c62651 (ntdll) RtlUserThreadStart

Requesting import of Guid(bfd644a7bccd7f54fa7fc3378932bf9c) Importer(-1,00000000000000000000000000000000), Assets/Asset Unlock - 3D Prototyping/Character/Prefabs/CharacterRig.prefab from editor
Resuming Guid(bfd644a7bccd7f54fa7fc3378932bf9c) Importer(-1,00000000000000000000000000000000) -> 3227202a8b1e386340364885636412b8 
Assertion failed on expression: 'state.state == kUpToDate'
Assertion failed on expression: 'state.artifactID == result'
Diagnostics callstack to track who triggered the sub-import:
0x00007ff684bf8412 (Unity) ImporterAssetResolver::ResolveAsset
0x00007ff684bc3a72 (Unity) ResolveArtifactV2
0x00007ff684bba7b1 (Unity) ProduceArtifactV2
0x00007ff684b093ee (Unity) AssetDatabase::ProduceArtifact
0x00007ff684aee588 (Unity) PreviewImporter::GenerateAssetData
0x00007ff684be37b9 (Unity) ImportToObjects
0x00007ff684be27f8 (Unity) ImportAsset
0x00007ff684b44408 (Unity) AssetImportWorker::Import
0x00007ff684b981fa (Unity) <lambda_bc460064e1fa47f4de661f7cf652321c>::operator()
0x00007ff684c3bfc2 (Unity) asio::detail::completion_handler<core::mutable_function<void __cdecl(void)> >::do_complete
0x00007ff684c3e120 (Unity) asio::detail::win_iocp_io_service::do_one
0x00007ff684c418ae (Unity) asio::io_service::run
0x00007ff684bc478b (Unity) RunAssetImportWorkerClientV2
0x00007ff684bc47e0 (Unity) RunAssetImporterV2
0x00007ff68407c746 (Unity) Application::InitializeProject
0x00007ff684a33452 (Unity) WinMain
0x00007ff6867e4416 (Unity) __scrt_common_main_seh
0x00007fff564d7034 (KERNEL32) BaseThreadInitThunk
0x00007fff56c62651 (ntdll) RtlUserThreadStart

Requesting import of Guid(bfd644a7bccd7f54fa7fc3378932bf9c) Importer(-1,00000000000000000000000000000000), Assets/Asset Unlock - 3D Prototyping/Character/Prefabs/CharacterRig.prefab from editor
Resuming Guid(bfd644a7bccd7f54fa7fc3378932bf9c) Importer(-1,00000000000000000000000000000000) -> 3227202a8b1e386340364885636412b8 
Assertion failed on expression: 'state.state == kUpToDate'
Assertion failed on expression: 'state.artifactID == result'
 -> (artifact id: '3dc120c3f0957afd216cc0576802a71b') in 1.160631 seconds 
  Import took 1.164775 seconds .

========================================================================
Received Import Request.
  Time since last request: 16.744403 seconds.
  path: Assets/Asset Unlock - 3D Prototyping/Prototyping Assets/Animation/Animators/Environment/Doors.controller
  artifactKey: Guid(6976a48b51cb276408f845b8360df7b6) Importer(815301076,1909f56bfc062723c751e8b465ee728b)
Start importing Assets/Asset Unlock - 3D Prototyping/Prototyping Assets/Animation/Animators/Environment/Doors.controller using Guid(6976a48b51cb276408f845b8360df7b6) Importer(815301076,1909f56bfc062723c751e8b465ee728b)  -> (artifact id: 'd8d376313bfccdcada810c211c6c96b6') in 0.006170 seconds 
  Import took 0.011574 seconds .

========================================================================
Received Import Request.
  Time since last request: 0.766883 seconds.
  path: Assets/Asset Unlock - 3D Prototyping/Prototyping Assets/Animation/Animators/Environment/MovingPlatform.controller
  artifactKey: Guid(3e7e37bc926d3fe488be8712d06d10bd) Importer(815301076,1909f56bfc062723c751e8b465ee728b)
Start importing Assets/Asset Unlock - 3D Prototyping/Prototyping Assets/Animation/Animators/Environment/MovingPlatform.controller using Guid(3e7e37bc926d3fe488be8712d06d10bd) Importer(815301076,1909f56bfc062723c751e8b465ee728b)  -> (artifact id: 'aa183b7e2201653dbfe9115402383a6e') in 0.007837 seconds 
  Import took 0.012918 seconds .

========================================================================
Received Import Request.
  Time since last request: 5.028036 seconds.
  path: Assets/Asset Unlock - 3D Prototyping/Prototyping Assets/Materials/Environment/Maze_Brick_Mat.mat
  artifactKey: Guid(41ea71e2b2dd5cb4788b21be02465327) Importer(815301076,1909f56bfc062723c751e8b465ee728b)
Start importing Assets/Asset Unlock - 3D Prototyping/Prototyping Assets/Materials/Environment/Maze_Brick_Mat.mat using Guid(41ea71e2b2dd5cb4788b21be02465327) Importer(815301076,1909f56bfc062723c751e8b465ee728b)  -> (artifact id: 'e54eab30fb835d46c8abf7f59f672e54') in 0.029170 seconds 
  Import took 0.034318 seconds .

========================================================================
Received Import Request.
  Time since last request: 0.000181 seconds.
  path: Assets/Asset Unlock - 3D Prototyping/Prototyping Assets/Materials/Environment/Maze_Floor_Mat.mat
  artifactKey: Guid(87d7260b9c9de304ba395949900b1a11) Importer(815301076,1909f56bfc062723c751e8b465ee728b)
Start importing Assets/Asset Unlock - 3D Prototyping/Prototyping Assets/Materials/Environment/Maze_Floor_Mat.mat using Guid(87d7260b9c9de304ba395949900b1a11) Importer(815301076,1909f56bfc062723c751e8b465ee728b)  -> (artifact id: '29401f488c5c41a9d50ca8caef93eb57') in 0.021497 seconds 
  Import took 0.026086 seconds .

========================================================================
Received Import Request.
  Time since last request: 0.000180 seconds.
  path: Assets/Asset Unlock - 3D Prototyping/Prototyping Assets/Materials/Environment/Maze_Ramp_Mat.mat
  artifactKey: Guid(8d3d1aaa0e2b00c47b20b19479f390fc) Importer(815301076,1909f56bfc062723c751e8b465ee728b)
Start importing Assets/Asset Unlock - 3D Prototyping/Prototyping Assets/Materials/Environment/Maze_Ramp_Mat.mat using Guid(8d3d1aaa0e2b00c47b20b19479f390fc) Importer(815301076,1909f56bfc062723c751e8b465ee728b)  -> (artifact id: '60e004409c47eb58d212671da441aa1d') in 0.027433 seconds 
  Import took 0.031661 seconds .

========================================================================
Received Import Request.
  Time since last request: 0.000178 seconds.
  path: Assets/Asset Unlock - 3D Prototyping/Prototyping Assets/Materials/Environment/Maze_Metal_Mat.mat
  artifactKey: Guid(c7ba1f44961f316469701cf3fdfc5388) Importer(815301076,1909f56bfc062723c751e8b465ee728b)
Start importing Assets/Asset Unlock - 3D Prototyping/Prototyping Assets/Materials/Environment/Maze_Metal_Mat.mat using Guid(c7ba1f44961f316469701cf3fdfc5388) Importer(815301076,1909f56bfc062723c751e8b465ee728b)  -> (artifact id: 'c03d821fd44eaf02a26ef55569696df2') in 0.016376 seconds 
  Import took 0.020669 seconds .

========================================================================
Received Import Request.
  Time since last request: 0.000191 seconds.
  path: Assets/Asset Unlock - 3D Prototyping/Prototyping Assets/Materials/Environment/Maze_TintedGlass_Mat.mat
  artifactKey: Guid(240eddb16eadaf24c9d4579b8966a8f9) Importer(815301076,1909f56bfc062723c751e8b465ee728b)
Start importing Assets/Asset Unlock - 3D Prototyping/Prototyping Assets/Materials/Environment/Maze_TintedGlass_Mat.mat using Guid(240eddb16eadaf24c9d4579b8966a8f9) Importer(815301076,1909f56bfc062723c751e8b465ee728b)  -> (artifact id: '23b4daf5c8a043b1def63f743f9e512b') in 0.020342 seconds 
  Import took 0.024780 seconds .

========================================================================
Received Import Request.
  Time since last request: 0.000181 seconds.
  path: Assets/Asset Unlock - 3D Prototyping/Prototyping Assets/Materials/Environment/Maze_Emissive_Mat.mat
  artifactKey: Guid(a1d21023d64d8a041beaba48c86efa2f) Importer(815301076,1909f56bfc062723c751e8b465ee728b)
Start importing Assets/Asset Unlock - 3D Prototyping/Prototyping Assets/Materials/Environment/Maze_Emissive_Mat.mat using Guid(a1d21023d64d8a041beaba48c86efa2f) Importer(815301076,1909f56bfc062723c751e8b465ee728b)  -> (artifact id: '475ac8ac484c55f1c5906e89d8a3c901') in 0.019515 seconds 
  Import took 0.023851 seconds .

========================================================================
Received Import Request.
  Time since last request: 0.000174 seconds.
  path: Assets/Asset Unlock - 3D Prototyping/Prototyping Assets/Materials/Environment/Maze_Grey_Mat.mat
  artifactKey: Guid(d52087653c77e3e439f2001f4a8fd3c7) Importer(815301076,1909f56bfc062723c751e8b465ee728b)
Start importing Assets/Asset Unlock - 3D Prototyping/Prototyping Assets/Materials/Environment/Maze_Grey_Mat.mat using Guid(d52087653c77e3e439f2001f4a8fd3c7) Importer(815301076,1909f56bfc062723c751e8b465ee728b)  -> (artifact id: '89c76aa873826c135a132b0936f41c35') in 0.024335 seconds 
  Import took 0.028707 seconds .

========================================================================
Received Import Request.
  Time since last request: 0.644639 seconds.
  path: Assets/Asset Unlock - 3D Prototyping/Prototyping Assets/Textures/Environment/Maze_Brick_Normal.tif
  artifactKey: Guid(93771653959354544a6bc972ca425d3b) Importer(815301076,1909f56bfc062723c751e8b465ee728b)
Start importing Assets/Asset Unlock - 3D Prototyping/Prototyping Assets/Textures/Environment/Maze_Brick_Normal.tif using Guid(93771653959354544a6bc972ca425d3b) Importer(815301076,1909f56bfc062723c751e8b465ee728b)  -> (artifact id: 'e1b79c5824d1289b3496404a69145344') in 0.024551 seconds 
  Import took 0.029828 seconds .

========================================================================
Received Import Request.
  Time since last request: 0.000246 seconds.
  path: Assets/Asset Unlock - 3D Prototyping/Prototyping Assets/Textures/Environment/Maze_Brick_Occlusion.tif
  artifactKey: Guid(884c22ee8b623ab4c83419bdea1bbcd7) Importer(815301076,1909f56bfc062723c751e8b465ee728b)
Start importing Assets/Asset Unlock - 3D Prototyping/Prototyping Assets/Textures/Environment/Maze_Brick_Occlusion.tif using Guid(884c22ee8b623ab4c83419bdea1bbcd7) Importer(815301076,1909f56bfc062723c751e8b465ee728b)  -> (artifact id: '6eea3fa9e05fbe923c6b6d40dee7a633') in 0.014583 seconds 
  Import took 0.019663 seconds .

========================================================================
Received Import Request.
  Time since last request: 1.153568 seconds.
  path: Assets/Asset Unlock - 3D Prototyping/Prototyping Assets/Textures/Environment/Maze_FloorTile_Normal.tif
  artifactKey: Guid(0c76423f9c5973142a06d53edd61b546) Importer(815301076,1909f56bfc062723c751e8b465ee728b)
Start importing Assets/Asset Unlock - 3D Prototyping/Prototyping Assets/Textures/Environment/Maze_FloorTile_Normal.tif using Guid(0c76423f9c5973142a06d53edd61b546) Importer(815301076,1909f56bfc062723c751e8b465ee728b)  -> (artifact id: 'b3037feb701bb2e8eea0de96cef98ca9') in 0.013864 seconds 
  Import took 0.018967 seconds .

========================================================================
Received Import Request.
  Time since last request: 0.000240 seconds.
  path: Assets/Asset Unlock - 3D Prototyping/Prototyping Assets/Textures/Environment/Maze_FloorTile_Occlusion.tif
  artifactKey: Guid(10f0584cc61dbf04ea12545518ba5933) Importer(815301076,1909f56bfc062723c751e8b465ee728b)
Start importing Assets/Asset Unlock - 3D Prototyping/Prototyping Assets/Textures/Environment/Maze_FloorTile_Occlusion.tif using Guid(10f0584cc61dbf04ea12545518ba5933) Importer(815301076,1909f56bfc062723c751e8b465ee728b)  -> (artifact id: '08555867fa9ff2a2f109cd5a06b3941d') in 0.030467 seconds 
  Import took 0.035880 seconds .

========================================================================
Received Import Request.
  Time since last request: 0.233321 seconds.
  path: Assets/Asset Unlock - 3D Prototyping/Prototyping Assets/Textures/Environment/SharedNoise_Normal.tif
  artifactKey: Guid(e488959e688478545bd5b3732eaa2379) Importer(815301076,1909f56bfc062723c751e8b465ee728b)
Start importing Assets/Asset Unlock - 3D Prototyping/Prototyping Assets/Textures/Environment/SharedNoise_Normal.tif using Guid(e488959e688478545bd5b3732eaa2379) Importer(815301076,1909f56bfc062723c751e8b465ee728b)  -> (artifact id: '9aef4b3deff0ea4ad43e509dd0db1903') in 0.015309 seconds 
  Import took 0.020914 seconds .

========================================================================
Received Prepare
Registering precompiled user dll's ...
Registered in 0.009651 seconds.
Begin MonoManager ReloadAssembly
The file 'MemoryStream' is corrupted! Remove it and launch unity again!
[Position out of bounds!]
Fatal Error! The file 'MemoryStream' is corrupted! Remove it and launch unity again!
[Position out of bounds!]
Crash!!!
SymInit: Symbol-SearchPath: '.;C:\Users\Richard\Desktop\Prog. Projects\Github Repositories\Programming-Theory-Project\Programming Theory Project;C:\Program Files\Unity\Hub\Editor\2020.3.24f1\Editor;C:\Windows;C:\Windows\system32;SRV*C:\websymbols*http://msdl.microsoft.com/download/symbols;', symOptions: 534, UserName: 'Richard'
OS-Version: 10.0.0
C:\Program Files\Unity\Hub\Editor\2020.3.24f1\Editor\Unity.exe:Unity.exe (00007FF681790000), size: 134217728 (result: 0), SymType: 'PDB', PDB: 'C:\Program Files\Unity\Hub\Editor\2020.3.24f1\Editor\Unity_x64.pdb', fileVersion: 2020.3.24.51085
C:\Windows\SYSTEM32\ntdll.dll:ntdll.dll (00007FFF56C10000), size: 2052096 (result: 0), SymType: '-exported-', PDB: 'C:\Windows\SYSTEM32\ntdll.dll', fileVersion: 10.0.19041.1288
C:\Windows\System32\KERNEL32.DLL:KERNEL32.DLL (00007FFF564C0000), size: 778240 (result: 0), SymType: '-exported-', PDB: 'C:\Windows\System32\KERNEL32.DLL', fileVersion: 10.0.19041.1348
C:\Windows\System32\KERNELBASE.dll:KERNELBASE.dll (00007FFF54990000), size: 2916352 (result: 0), SymType: '-exported-', PDB: 'C:\Windows\System32\KERNELBASE.dll', fileVersion: 10.0.19041.1348
C:\Windows\System32\CRYPT32.dll:CRYPT32.dll (00007FFF54420000), size: 1400832 (result: 0), SymType: '-exported-', PDB: 'C:\Windows\System32\CRYPT32.dll', fileVersion: 10.0.19041.1320
C:\Windows\System32\ucrtbase.dll:ucrtbase.dll (00007FFF545E0000), size: 1048576 (result: 0), SymType: '-exported-', PDB: 'C:\Windows\System32\ucrtbase.dll', fileVersion: 10.0.19041.789
C:\Windows\System32\USER32.dll:USER32.dll (00007FFF55990000), size: 1708032 (result: 0), SymType: '-exported-', PDB: 'C:\Windows\System32\USER32.dll', fileVersion: 10.0.19041.1202
C:\Program Files\Unity\Hub\Editor\2020.3.24f1\Editor\libfbxsdk.dll:libfbxsdk.dll (00007FFEAD6A0000), size: 10215424 (result: 0), SymType: '-exported-', PDB: 'C:\Program Files\Unity\Hub\Editor\2020.3.24f1\Editor\libfbxsdk.dll', fileVersion: 2020.2.0.0
C:\Windows\System32\win32u.dll:win32u.dll (00007FFF54330000), size: 139264 (result: 0), SymType: '-exported-', PDB: 'C:\Windows\System32\win32u.dll', fileVersion: 10.0.19041.1320
C:\Program Files\Unity\Hub\Editor\2020.3.24f1\Editor\OpenImageDenoise.dll:OpenImageDenoise.dll (00007FFEAA1D0000), size: 43806720 (result: 0), SymType: '-exported-', PDB: 'C:\Program Files\Unity\Hub\Editor\2020.3.24f1\Editor\OpenImageDenoise.dll'
C:\Windows\System32\GDI32.dll:GDI32.dll (00007FFF55400000), size: 176128 (result: 0), SymType: '-exported-', PDB: 'C:\Windows\System32\GDI32.dll', fileVersion: 10.0.19041.1202
C:\Program Files\Unity\Hub\Editor\2020.3.24f1\Editor\optix.6.0.0.dll:optix.6.0.0.dll (00007FFF46990000), size: 208896 (result: 0), SymType: '-exported-', PDB: 'C:\Program Files\Unity\Hub\Editor\2020.3.24f1\Editor\optix.6.0.0.dll', fileVersion: 6.0.0.0
C:\Windows\System32\gdi32full.dll:gdi32full.dll (00007FFF54880000), size: 1093632 (result: 0), SymType: '-exported-', PDB: 'C:\Windows\System32\gdi32full.dll', fileVersion: 10.0.19041.1110
C:\Windows\System32\ADVAPI32.dll:ADVAPI32.dll (00007FFF550E0000), size: 704512 (result: 0), SymType: '-exported-', PDB: 'C:\Windows\System32\ADVAPI32.dll', fileVersion: 10.0.19041.1052
C:\Windows\System32\msvcp_win.dll:msvcp_win.dll (00007FFF546E0000), size: 643072 (result: 0), SymType: '-exported-', PDB: 'C:\Windows\System32\msvcp_win.dll', fileVersion: 10.0.19041.789
C:\Program Files\Unity\Hub\Editor\2020.3.24f1\Editor\umbraoptimizer64.dll:umbraoptimizer64.dll (00007FFEC7AF0000), size: 1306624 (result: 0), SymType: '-exported-', PDB: 'C:\Program Files\Unity\Hub\Editor\2020.3.24f1\Editor\umbraoptimizer64.dll'
C:\Windows\System32\msvcrt.dll:msvcrt.dll (00007FFF557F0000), size: 647168 (result: 0), SymType: '-exported-', PDB: 'C:\Windows\System32\msvcrt.dll', fileVersion: 7.0.19041.546
C:\Windows\System32\WS2_32.dll:WS2_32.dll (00007FFF569A0000), size: 438272 (result: 0), SymType: '-exported-', PDB: 'C:\Windows\System32\WS2_32.dll', fileVersion: 10.0.19041.546
C:\Windows\System32\SHELL32.dll:SHELL32.dll (00007FFF55C50000), size: 7598080 (result: 0), SymType: '-exported-', PDB: 'C:\Windows\System32\SHELL32.dll', fileVersion: 10.0.19041.1320
C:\Program Files\Unity\Hub\Editor\2020.3.24f1\Editor\FreeImage.dll:FreeImage.dll (0000000180000000), size: 6582272 (result: 0), SymType: '-exported-', PDB: 'C:\Program Files\Unity\Hub\Editor\2020.3.24f1\Editor\FreeImage.dll', fileVersion: 3.18.0.0
C:\Windows\System32\RPCRT4.dll:RPCRT4.dll (00007FFF56580000), size: 1220608 (result: 0), SymType: '-exported-', PDB: 'C:\Windows\System32\RPCRT4.dll', fileVersion: 10.0.19041.1288
C:\Windows\System32\sechost.dll:sechost.dll (00007FFF55190000), size: 634880 (result: 0), SymType: '-exported-', PDB: 'C:\Windows\System32\sechost.dll', fileVersion: 10.0.19041.906
C:\Windows\System32\SHLWAPI.dll:SHLWAPI.dll (00007FFF55930000), size: 348160 (result: 0), SymType: '-exported-', PDB: 'C:\Windows\System32\SHLWAPI.dll', fileVersion: 10.0.19041.1023
C:\Windows\System32\WLDAP32.dll:WLDAP32.dll (00007FFF55430000), size: 352256 (result: 0), SymType: '-exported-', PDB: 'C:\Windows\System32\WLDAP32.dll', fileVersion: 10.0.19041.546
C:\Program Files\Unity\Hub\Editor\2020.3.24f1\Editor\ispc_texcomp.dll:ispc_texcomp.dll (00007FFEC6820000), size: 1609728 (result: 0), SymType: '-exported-', PDB: 'C:\Program Files\Unity\Hub\Editor\2020.3.24f1\Editor\ispc_texcomp.dll'
C:\Windows\System32\ole32.dll:ole32.dll (00007FFF56A10000), size: 1220608 (result: 0), SymType: '-exported-', PDB: 'C:\Windows\System32\ole32.dll', fileVersion: 10.0.19041.1202
C:\Program Files\Unity\Hub\Editor\2020.3.24f1\Editor\WinPixEventRuntime.dll:WinPixEventRuntime.dll (00007FFF4F200000), size: 45056 (result: 0), SymType: '-exported-', PDB: 'C:\Program Files\Unity\Hub\Editor\2020.3.24f1\Editor\WinPixEventRuntime.dll', fileVersion: 1.0.1812.6001
C:\Windows\System32\Normaliz.dll:Normaliz.dll (00007FFF55920000), size: 32768 (result: 0), SymType: '-exported-', PDB: 'C:\Windows\System32\Normaliz.dll', fileVersion: 10.0.19041.546
C:\Windows\System32\combase.dll:combase.dll (00007FFF55490000), size: 3493888 (result: 0), SymType: '-exported-', PDB: 'C:\Windows\System32\combase.dll', fileVersion: 10.0.19041.1348
C:\Program Files\Unity\Hub\Editor\2020.3.24f1\Editor\tbb.dll:tbb.dll (00007FFF3A680000), size: 413696 (result: 0), SymType: '-exported-', PDB: 'C:\Program Files\Unity\Hub\Editor\2020.3.24f1\Editor\tbb.dll', fileVersion: 2017.0.2016.1004
C:\Windows\SYSTEM32\VCRUNTIME140.dll:VCRUNTIME140.dll (00007FFF410E0000), size: 110592 (result: 0), SymType: '-exported-', PDB: 'C:\Windows\SYSTEM32\VCRUNTIME140.dll', fileVersion: 14.29.30135.0
C:\Windows\System32\IMM32.dll:IMM32.dll (00007FFF55B40000), size: 196608 (result: 0), SymType: '-exported-', PDB: 'C:\Windows\System32\IMM32.dll', fileVersion: 10.0.19041.546
C:\Windows\System32\SETUPAPI.dll:SETUPAPI.dll (00007FFF54C60000), size: 4661248 (result: 0), SymType: '-exported-', PDB: 'C:\Windows\System32\SETUPAPI.dll', fileVersion: 10.0.19041.1237
C:\Windows\System32\cfgmgr32.dll:cfgmgr32.dll (00007FFF54780000), size: 319488 (result: 0), SymType: '-exported-', PDB: 'C:\Windows\System32\cfgmgr32.dll', fileVersion: 10.0.19041.1151
C:\Windows\SYSTEM32\MSVCP140.dll:MSVCP140.dll (00007FFF39DB0000), size: 577536 (result: 0), SymType: '-exported-', PDB: 'C:\Windows\SYSTEM32\MSVCP140.dll', fileVersion: 14.29.30135.0
C:\Windows\SYSTEM32\GLU32.dll:GLU32.dll (00007FFF40330000), size: 180224 (result: 0), SymType: '-exported-', PDB: 'C:\Windows\SYSTEM32\GLU32.dll', fileVersion: 10.0.19041.1081
C:\Windows\SYSTEM32\OPENGL32.dll:OPENGL32.dll (00007FFEC79C0000), size: 1200128 (result: 0), SymType: '-exported-', PDB: 'C:\Windows\SYSTEM32\OPENGL32.dll', fileVersion: 10.0.19041.1081
C:\Windows\System32\bcrypt.dll:bcrypt.dll (00007FFF543F0000), size: 159744 (result: 0), SymType: '-exported-', PDB: 'C:\Windows\System32\bcrypt.dll', fileVersion: 10.0.19041.1023
C:\Windows\SYSTEM32\MSVCP120.dll:MSVCP120.dll (00007FFEC6680000), size: 679936 (result: 0), SymType: '-exported-', PDB: 'C:\Windows\SYSTEM32\MSVCP120.dll', fileVersion: 12.0.40649.5
C:\Windows\SYSTEM32\MSVCR120.dll:MSVCR120.dll (00007FFEC6730000), size: 978944 (result: 0), SymType: '-exported-', PDB: 'C:\Windows\SYSTEM32\MSVCR120.dll', fileVersion: 12.0.40649.5
C:\Windows\System32\OLEAUT32.dll:OLEAUT32.dll (00007FFF563F0000), size: 839680 (result: 0), SymType: '-exported-', PDB: 'C:\Windows\System32\OLEAUT32.dll', fileVersion: 10.0.19041.985
C:\Windows\SYSTEM32\IPHLPAPI.DLL:IPHLPAPI.DLL (00007FFF53780000), size: 241664 (result: 0), SymType: '-exported-', PDB: 'C:\Windows\SYSTEM32\IPHLPAPI.DLL', fileVersion: 10.0.19041.546
C:\Windows\System32\WINTRUST.dll:WINTRUST.dll (00007FFF54580000), size: 393216 (result: 0), SymType: '-exported-', PDB: 'C:\Windows\System32\WINTRUST.dll', fileVersion: 10.0.19041.1266
C:\Windows\SYSTEM32\VCRUNTIME140_1.dll:VCRUNTIME140_1.dll (00007FFF41280000), size: 49152 (result: 0), SymType: '-exported-', PDB: 'C:\Windows\SYSTEM32\VCRUNTIME140_1.dll', fileVersion: 14.29.30135.0
C:\Windows\SYSTEM32\WINHTTP.dll:WINHTTP.dll (00007FFF4ACE0000), size: 1097728 (result: 0), SymType: '-exported-', PDB: 'C:\Windows\SYSTEM32\WINHTTP.dll', fileVersion: 10.0.19041.1320
C:\Windows\SYSTEM32\WINMM.dll:WINMM.dll (00007FFF4A100000), size: 159744 (result: 0), SymType: '-exported-', PDB: 'C:\Windows\SYSTEM32\WINMM.dll', fileVersion: 10.0.19041.546
C:\Program Files\Unity\Hub\Editor\2020.3.24f1\Editor\RadeonImageFilters.dll:RadeonImageFilters.dll (00007FFEACBA0000), size: 2535424 (result: 0), SymType: '-exported-', PDB: 'C:\Program Files\Unity\Hub\Editor\2020.3.24f1\Editor\RadeonImageFilters.dll', fileVersion: 1.5.1.0
C:\Windows\SYSTEM32\HID.DLL:HID.DLL (00007FFF52BE0000), size: 53248 (result: 0), SymType: '-exported-', PDB: 'C:\Windows\SYSTEM32\HID.DLL', fileVersion: 10.0.19041.546
C:\Program Files\Unity\Hub\Editor\2020.3.24f1\Editor\SketchUpAPI.dll:SketchUpAPI.dll (00007FFEACE10000), size: 8978432 (result: 0), SymType: '-exported-', PDB: 'C:\Program Files\Unity\Hub\Editor\2020.3.24f1\Editor\SketchUpAPI.dll', fileVersion: 19.0.753.0
C:\Windows\SYSTEM32\VERSION.dll:VERSION.dll (00007FFF4D860000), size: 40960 (result: 0), SymType: '-exported-', PDB: 'C:\Windows\SYSTEM32\VERSION.dll', fileVersion: 10.0.19041.546
C:\Windows\SYSTEM32\WSOCK32.dll:WSOCK32.dll (00007FFF35B80000), size: 36864 (result: 0), SymType: '-exported-', PDB: 'C:\Windows\SYSTEM32\WSOCK32.dll', fileVersion: 10.0.19041.1
C:\Program Files\Unity\Hub\Editor\2020.3.24f1\Editor\SketchUpCommonPreferences.dll:SketchUpCommonPreferences.dll (00007FFF22700000), size: 483328 (result: 0), SymType: '-exported-', PDB: 'C:\Program Files\Unity\Hub\Editor\2020.3.24f1\Editor\SketchUpCommonPreferences.dll', fileVersion: 19.0.753.20342
C:\Windows\SYSTEM32\Secur32.dll:Secur32.dll (00007FFF39520000), size: 49152 (result: 0), SymType: '-exported-', PDB: 'C:\Windows\SYSTEM32\Secur32.dll', fileVersion: 10.0.19041.546
C:\Windows\SYSTEM32\SSPICLI.DLL:SSPICLI.DLL (00007FFF54220000), size: 200704 (result: 0), SymType: '-exported-', PDB: 'C:\Windows\SYSTEM32\SSPICLI.DLL', fileVersion: 10.0.19041.1266
C:\Program Files\Unity\Hub\Editor\2020.3.24f1\Editor\OpenRL.dll:OpenRL.dll (0000021124A80000), size: 12779520 (result: 0), SymType: '-exported-', PDB: 'C:\Program Files\Unity\Hub\Editor\2020.3.24f1\Editor\OpenRL.dll', fileVersion: 1.5.0.2907
C:\Windows\SYSTEM32\MSVCP100.dll:MSVCP100.dll (00000000682B0000), size: 622592 (result: 0), SymType: '-exported-', PDB: 'C:\Windows\SYSTEM32\MSVCP100.dll', fileVersion: 10.0.40219.325
C:\Program Files\Unity\Hub\Editor\2020.3.24f1\Editor\embree.dll:embree.dll (00007FFEA91E0000), size: 16711680 (result: 0), SymType: '-exported-', PDB: 'C:\Program Files\Unity\Hub\Editor\2020.3.24f1\Editor\embree.dll', fileVersion: 2.14.0.0
C:\Windows\SYSTEM32\MSVCR100.dll:MSVCR100.dll (00000000681D0000), size: 860160 (result: 0), SymType: '-exported-', PDB: 'C:\Windows\SYSTEM32\MSVCR100.dll', fileVersion: 10.0.40219.325
C:\Windows\SYSTEM32\MSWSOCK.DLL:MSWSOCK.DLL (00007FFF53AE0000), size: 434176 (result: 0), SymType: '-exported-', PDB: 'C:\Windows\SYSTEM32\MSWSOCK.DLL', fileVersion: 10.0.19041.546
C:\Program Files\Unity\Hub\Editor\2020.3.24f1\Editor\OpenRL_pthread.dll:OpenRL_pthread.dll (0000021123E80000), size: 61440 (result: 0), SymType: '-exported-', PDB: 'C:\Program Files\Unity\Hub\Editor\2020.3.24f1\Editor\OpenRL_pthread.dll', fileVersion: 2.9.0.0
C:\Windows\SYSTEM32\MSASN1.dll:MSASN1.dll (00007FFF53F10000), size: 73728 (result: 0), SymType: '-exported-', PDB: 'C:\Windows\SYSTEM32\MSASN1.dll', fileVersion: 10.0.19041.546
C:\Windows\SYSTEM32\kernel.appcore.dll:kernel.appcore.dll (00007FFF52250000), size: 73728 (result: 0), SymType: '-exported-', PDB: 'C:\Windows\SYSTEM32\kernel.appcore.dll', fileVersion: 10.0.19041.546
C:\Windows\System32\bcryptPrimitives.dll:bcryptPrimitives.dll (00007FFF54360000), size: 536576 (result: 0), SymType: '-exported-', PDB: 'C:\Windows\System32\bcryptPrimitives.dll', fileVersion: 10.0.19041.1348
C:\Windows\system32\uxtheme.dll:uxtheme.dll (00007FFF51C80000), size: 647168 (result: 0), SymType: '-exported-', PDB: 'C:\Windows\system32\uxtheme.dll', fileVersion: 10.0.19041.1266
C:\Windows\System32\shcore.dll:shcore.dll (00007FFF55350000), size: 708608 (result: 0), SymType: '-exported-', PDB: 'C:\Windows\System32\shcore.dll', fileVersion: 10.0.19041.1320
C:\Windows\SYSTEM32\windows.storage.dll:windows.storage.dll (00007FFF52450000), size: 7929856 (result: 0), SymType: '-exported-', PDB: 'C:\Windows\SYSTEM32\windows.storage.dll', fileVersion: 10.0.19041.1320
C:\Windows\SYSTEM32\Wldp.dll:Wldp.dll (00007FFF53D80000), size: 188416 (result: 0), SymType: '-exported-', PDB: 'C:\Windows\SYSTEM32\Wldp.dll', fileVersion: 10.0.19041.1320
C:\Windows\SYSTEM32\profapi.dll:profapi.dll (00007FFF54270000), size: 126976 (result: 0), SymType: '-nosymbols-', PDB: 'C:\Windows\SYSTEM32\profapi.dll', fileVersion: 10.0.19041.844
C:\Windows\System32\clbcatq.dll:clbcatq.dll (00007FFF568F0000), size: 692224 (result: 0), SymType: '-exported-', PDB: 'C:\Windows\System32\clbcatq.dll', fileVersion: 2001.12.10941.16384
C:\Windows\System32\netprofm.dll:netprofm.dll (00007FFF4F950000), size: 253952 (result: 0), SymType: '-exported-', PDB: 'C:\Windows\System32\netprofm.dll', fileVersion: 10.0.19041.906
C:\Windows\System32\npmproxy.dll:npmproxy.dll (00007FFF4DE30000), size: 65536 (result: 0), SymType: '-exported-', PDB: 'C:\Windows\System32\npmproxy.dll', fileVersion: 10.0.19041.906
C:\Windows\System32\NSI.dll:NSI.dll (00007FFF55890000), size: 32768 (result: 0), SymType: '-exported-', PDB: 'C:\Windows\System32\NSI.dll', fileVersion: 10.0.19041.610
C:\Windows\SYSTEM32\dhcpcsvc6.DLL:dhcpcsvc6.DLL (00007FFF4DAA0000), size: 94208 (result: 0), SymType: '-exported-', PDB: 'C:\Windows\SYSTEM32\dhcpcsvc6.DLL', fileVersion: 10.0.19041.546
C:\Windows\SYSTEM32\dhcpcsvc.DLL:dhcpcsvc.DLL (00007FFF4DA30000), size: 118784 (result: 0), SymType: '-exported-', PDB: 'C:\Windows\SYSTEM32\dhcpcsvc.DLL', fileVersion: 10.0.19041.546
C:\Windows\SYSTEM32\DNSAPI.dll:DNSAPI.dll (00007FFF537D0000), size: 831488 (result: 0), SymType: '-exported-', PDB: 'C:\Windows\SYSTEM32\DNSAPI.dll', fileVersion: 10.0.19041.1320
C:\Windows\System32\fwpuclnt.dll:fwpuclnt.dll (00007FFF4A5E0000), size: 520192 (result: 0), SymType: '-exported-', PDB: 'C:\Windows\System32\fwpuclnt.dll', fileVersion: 10.0.19041.1348
C:\Windows\System32\rasadhlp.dll:rasadhlp.dll (00007FFF4D7C0000), size: 40960 (result: 0), SymType: '-exported-', PDB: 'C:\Windows\System32\rasadhlp.dll', fileVersion: 10.0.19041.546
C:\Program Files\Unity\Hub\Editor\2020.3.24f1\Editor\Data\Tools\astcenc-avx2.dll:astcenc-avx2.dll (00007FFEC3780000), size: 557056 (result: 0), SymType: '-exported-', PDB: 'C:\Program Files\Unity\Hub\Editor\2020.3.24f1\Editor\Data\Tools\astcenc-avx2.dll'
C:\Windows\SYSTEM32\d3d11.dll:d3d11.dll (00007FFF506F0000), size: 2506752 (result: 0), SymType: '-exported-', PDB: 'C:\Windows\SYSTEM32\d3d11.dll', fileVersion: 10.0.19041.1202
C:\Windows\SYSTEM32\dxgi.dll:dxgi.dll (00007FFF52C20000), size: 999424 (result: 0), SymType: '-exported-', PDB: 'C:\Windows\SYSTEM32\dxgi.dll', fileVersion: 10.0.19041.1266
C:\Windows\System32\DriverStore\FileRepository\nv_dispi.inf_amd64_642e50d7b66aa2a4\nvldumdx.dll:nvldumdx.dll (00007FFF4CD80000), size: 1073152 (result: 0), SymType: '-exported-', PDB: 'C:\Windows\System32\DriverStore\FileRepository\nv_dispi.inf_amd64_642e50d7b66aa2a4\nvldumdx.dll', fileVersion: 30.0.14.9709
C:\Windows\SYSTEM32\cryptnet.dll:cryptnet.dll (00007FFF4AA20000), size: 200704 (result: 0), SymType: '-exported-', PDB: 'C:\Windows\SYSTEM32\cryptnet.dll', fileVersion: 10.0.19041.906
C:\Windows\SYSTEM32\drvstore.dll:drvstore.dll (00007FFF4A8D0000), size: 1351680 (result: 0), SymType: '-exported-', PDB: 'C:\Windows\SYSTEM32\drvstore.dll', fileVersion: 10.0.19041.1320
C:\Windows\SYSTEM32\devobj.dll:devobj.dll (00007FFF540D0000), size: 212992 (result: 0), SymType: '-exported-', PDB: 'C:\Windows\SYSTEM32\devobj.dll', fileVersion: 10.0.19041.1151
C:\Windows\SYSTEM32\cryptbase.dll:cryptbase.dll (00007FFF53CF0000), size: 49152 (result: 0), SymType: '-exported-', PDB: 'C:\Windows\SYSTEM32\cryptbase.dll', fileVersion: 10.0.19041.546
C:\Windows\System32\imagehlp.dll:imagehlp.dll (00007FFF558A0000), size: 118784 (result: 0), SymType: '-exported-', PDB: 'C:\Windows\System32\imagehlp.dll', fileVersion: 10.0.19041.546
C:\Windows\SYSTEM32\CRYPTSP.dll:CRYPTSP.dll (00007FFF53CD0000), size: 98304 (result: 0), SymType: '-exported-', PDB: 'C:\Windows\SYSTEM32\CRYPTSP.dll', fileVersion: 10.0.19041.546
C:\Windows\system32\rsaenh.dll:rsaenh.dll (00007FFF533F0000), size: 212992 (result: 0), SymType: '-exported-', PDB: 'C:\Windows\system32\rsaenh.dll', fileVersion: 10.0.19041.1052
C:\Windows\System32\DriverStore\FileRepository\nv_dispi.inf_amd64_642e50d7b66aa2a4\nvwgf2umx.dll:nvwgf2umx.dll (00007FFF12250000), size: 43167744 (result: 0), SymType: '-exported-', PDB: 'C:\Windows\System32\DriverStore\FileRepository\nv_dispi.inf_amd64_642e50d7b66aa2a4\nvwgf2umx.dll', fileVersion: 30.0.14.9709
C:\Windows\system32\nvspcap64.dll:nvspcap64.dll (00007FFECFE00000), size: 2904064 (result: 0), SymType: '-exported-', PDB: 'C:\Windows\system32\nvspcap64.dll', fileVersion: 3.24.0.123
C:\Windows\SYSTEM32\ntmarta.dll:ntmarta.dll (00007FFF53020000), size: 208896 (result: 0), SymType: '-exported-', PDB: 'C:\Windows\SYSTEM32\ntmarta.dll', fileVersion: 10.0.19041.546
C:\Windows\SYSTEM32\dxcore.dll:dxcore.dll (00007FFF4EA30000), size: 241664 (result: 0), SymType: '-exported-', PDB: 'C:\Windows\SYSTEM32\dxcore.dll', fileVersion: 10.0.19041.546
C:\Windows\system32\wbem\wbemprox.dll:wbemprox.dll (00007FFF4A5B0000), size: 69632 (result: 0), SymType: '-exported-', PDB: 'C:\Windows\system32\wbem\wbemprox.dll', fileVersion: 10.0.19041.1320
C:\Windows\SYSTEM32\wbemcomn.dll:wbemcomn.dll (00007FFF484C0000), size: 598016 (result: 0), SymType: '-exported-', PDB: 'C:\Windows\SYSTEM32\wbemcomn.dll', fileVersion: 10.0.19041.1081
C:\Windows\system32\wbem\wbemsvc.dll:wbemsvc.dll (00007FFF47B70000), size: 81920 (result: 0), SymType: '-exported-', PDB: 'C:\Windows\system32\wbem\wbemsvc.dll', fileVersion: 10.0.19041.1320
C:\Windows\system32\wbem\fastprox.dll:fastprox.dll (00007FFF415B0000), size: 1093632 (result: 0), SymType: '-exported-', PDB: 'C:\Windows\system32\wbem\fastprox.dll', fileVersion: 10.0.19041.546
C:\Windows\SYSTEM32\amsi.dll:amsi.dll (00007FFF47290000), size: 102400 (result: 0), SymType: '-exported-', PDB: 'C:\Windows\SYSTEM32\amsi.dll', fileVersion: 10.0.19041.746
C:\Windows\SYSTEM32\USERENV.dll:USERENV.dll (00007FFF541F0000), size: 188416 (result: 0), SymType: '-exported-', PDB: 'C:\Windows\SYSTEM32\USERENV.dll', fileVersion: 10.0.19041.572
C:\ProgramData\Microsoft\Windows Defender\Platform\4.18.2110.6-0\MpOav.dll:MpOav.dll (00007FFF414B0000), size: 499712 (result: 0), SymType: '-exported-', PDB: 'C:\ProgramData\Microsoft\Windows Defender\Platform\4.18.2110.6-0\MpOav.dll', fileVersion: 4.18.2110.6
C:\Program Files\Unity\Hub\Editor\2020.3.24f1\Editor\cudart64_90.dll:cudart64_90.dll (00007FFEC3710000), size: 397312 (result: 0), SymType: '-exported-', PDB: 'C:\Program Files\Unity\Hub\Editor\2020.3.24f1\Editor\cudart64_90.dll', fileVersion: 6.14.11.9000
C:\Windows\SYSTEM32\opencl.dll:opencl.dll (00007FFEC15D0000), size: 1474560 (result: 0), SymType: '-exported-', PDB: 'C:\Windows\SYSTEM32\opencl.dll', fileVersion: 3.0.1.0
C:\Program Files\Unity\Hub\Editor\2020.3.24f1\Editor\radeonrays.dll:radeonrays.dll (00007FFEC3680000), size: 552960 (result: 0), SymType: '-exported-', PDB: 'C:\Program Files\Unity\Hub\Editor\2020.3.24f1\Editor\radeonrays.dll'
C:\Program Files\Unity\Hub\Editor\2020.3.24f1\Editor\Data\MonoBleedingEdge\EmbedRuntime\mono-2.0-bdwgc.dll:mono-2.0-bdwgc.dll (00007FFEA8A70000), size: 7794688 (result: 0), SymType: 'PDB', PDB: 'C:\Program Files\Unity\Hub\Editor\2020.3.24f1\Editor\mono-2.0-bdwgc.pdb'
C:\Windows\System32\PSAPI.DLL:PSAPI.DLL (00007FFF56B40000), size: 32768 (result: 0), SymType: '-exported-', PDB: 'C:\Windows\System32\PSAPI.DLL', fileVersion: 10.0.19041.546
C:\ProgramData\Microsoft\VisualStudio\Setup\x64\Microsoft.VisualStudio.Setup.Configuration.Native.dll:Microsoft.VisualStudio.Setup.Configuration.Native.dll (00007FFEC1810000), size: 327680 (result: 0), SymType: '-exported-', PDB: 'C:\ProgramData\Microsoft\VisualStudio\Setup\x64\Microsoft.VisualStudio.Setup.Configuration.Native.dll', fileVersion: 2.11.47.9733
C:\Windows\SYSTEM32\PROPSYS.dll:PROPSYS.dll (00007FFF4FA00000), size: 1007616 (result: 0), SymType: '-exported-', PDB: 'C:\Windows\SYSTEM32\PROPSYS.dll', fileVersion: 7.0.19041.1023
C:\Windows\WinSxS\amd64_microsoft.windows.common-controls_6595b64144ccf1df_6.0.19041.1110_none_60b5254171f9507e\comctl32.dll:comctl32.dll (00007FFF3FB40000), size: 2727936 (result: 0), SymType: '-exported-', PDB: 'C:\Windows\WinSxS\amd64_microsoft.windows.common-controls_6595b64144ccf1df_6.0.19041.1110_none_60b5254171f9507e\comctl32.dll', fileVersion: 6.10.19041.1110
C:\Windows\SYSTEM32\WindowsCodecs.dll:WindowsCodecs.dll (00007FFF4DBE0000), size: 1785856 (result: 0), SymType: '-exported-', PDB: 'C:\Windows\SYSTEM32\WindowsCodecs.dll', fileVersion: 10.0.19041.1151
C:\Windows\System32\thumbcache.dll:thumbcache.dll (00007FFF35420000), size: 417792 (result: 0), SymType: '-exported-', PDB: 'C:\Windows\System32\thumbcache.dll', fileVersion: 10.0.19041.1151
C:\Windows\SYSTEM32\policymanager.dll:policymanager.dll (00007FFF4E600000), size: 655360 (result: 0), SymType: '-exported-', PDB: 'C:\Windows\SYSTEM32\policymanager.dll', fileVersion: 10.0.19041.1320
C:\Windows\SYSTEM32\msvcp110_win.dll:msvcp110_win.dll (00007FFF53480000), size: 565248 (result: 0), SymType: '-exported-', PDB: 'C:\Windows\SYSTEM32\msvcp110_win.dll', fileVersion: 10.0.19041.546
C:\Windows\System32\MrmCoreR.dll:MrmCoreR.dll (00007FFF46E30000), size: 1003520 (result: 0), SymType: '-exported-', PDB: 'C:\Windows\System32\MrmCoreR.dll', fileVersion: 10.0.19041.1266
C:\Windows\System32\iertutil.dll:iertutil.dll (00007FFF4A270000), size: 2818048 (result: 0), SymType: '-exported-', PDB: 'C:\Windows\System32\iertutil.dll', fileVersion: 11.0.19041.1266
C:\Windows\SYSTEM32\windows.staterepositorycore.dll:windows.staterepositorycore.dll (00007FFF472E0000), size: 69632 (result: 0), SymType: '-exported-', PDB: 'C:\Windows\SYSTEM32\windows.staterepositorycore.dll', fileVersion: 10.0.19041.844
C:\Windows\System32\bcp47mrm.dll:bcp47mrm.dll (00007FFF46470000), size: 184320 (result: 0), SymType: '-exported-', PDB: 'C:\Windows\System32\bcp47mrm.dll', fileVersion: 10.0.19041.1266
C:\Windows\System32\Windows.UI.dll:Windows.UI.dll (00007FFF40620000), size: 1314816 (result: 0), SymType: '-exported-', PDB: 'C:\Windows\System32\Windows.UI.dll', fileVersion: 10.0.19041.746
C:\Windows\System32\WindowManagementAPI.dll:WindowManagementAPI.dll (00007FFF4E320000), size: 659456 (result: 0), SymType: '-exported-', PDB: 'C:\Windows\System32\WindowManagementAPI.dll'
C:\Windows\System32\TextInputFramework.dll:TextInputFramework.dll (00007FFF3BCE0000), size: 1019904 (result: 0), SymType: '-exported-', PDB: 'C:\Windows\System32\TextInputFramework.dll', fileVersion: 10.0.19041.1320
C:\Windows\System32\InputHost.dll:InputHost.dll (00007FFF3AE60000), size: 1384448 (result: 0), SymType: '-exported-', PDB: 'C:\Windows\System32\InputHost.dll', fileVersion: 10.0.19041.906
C:\Windows\SYSTEM32\wintypes.dll:wintypes.dll (00007FFF50110000), size: 1392640 (result: 0), SymType: '-exported-', PDB: 'C:\Windows\SYSTEM32\wintypes.dll', fileVersion: 10.0.19041.1348
C:\Windows\SYSTEM32\twinapi.appcore.dll:twinapi.appcore.dll (00007FFF4E110000), size: 2101248 (result: 0), SymType: '-exported-', PDB: 'C:\Windows\SYSTEM32\twinapi.appcore.dll', fileVersion: 10.0.19041.964
C:\Windows\System32\CoreMessaging.dll:CoreMessaging.dll (00007FFF51950000), size: 991232 (result: 0), SymType: '-exported-', PDB: 'C:\Windows\System32\CoreMessaging.dll', fileVersion: 10.0.19041.746
C:\Windows\System32\CoreUIComponents.dll:CoreUIComponents.dll (00007FFF51260000), size: 3530752 (result: 0), SymType: '-exported-', PDB: 'C:\Windows\System32\CoreUIComponents.dll', fileVersion: 10.0.19041.546
C:\Windows\WinSxS\amd64_microsoft.windows.gdiplus_6595b64144ccf1df_1.1.19041.1348_none_91a2627ccc89e3fb\gdiplus.dll:gdiplus.dll (00007FFF495C0000), size: 1740800 (result: 0), SymType: '-exported-', PDB: 'C:\Windows\WinSxS\amd64_microsoft.windows.gdiplus_6595b64144ccf1df_1.1.19041.1348_none_91a2627ccc89e3fb\gdiplus.dll', fileVersion: 10.0.19041.1348
C:\Windows\System32\MSCTF.dll:MSCTF.dll (00007FFF55230000), size: 1134592 (result: 0), SymType: '-exported-', PDB: 'C:\Windows\System32\MSCTF.dll', fileVersion: 10.0.19041.1202
C:\Windows\SYSTEM32\edputil.dll:edputil.dll (00007FFF3EAE0000), size: 147456 (result: 0), SymType: '-exported-', PDB: 'C:\Windows\SYSTEM32\edputil.dll', fileVersion: 10.0.19041.546
C:\Windows\System32\Windows.StateRepositoryPS.dll:Windows.StateRepositoryPS.dll (00007FFF3BA40000), size: 1335296 (result: 0), SymType: '-exported-', PDB: 'C:\Windows\System32\Windows.StateRepositoryPS.dll', fileVersion: 10.0.19041.844
C:\Windows\SYSTEM32\dbghelp.dll:dbghelp.dll (00007FFF47E30000), size: 1982464 (result: 0), SymType: '-exported-', PDB: 'C:\Windows\SYSTEM32\dbghelp.dll', fileVersion: 10.0.19041.867

========== OUTPUTTING STACK TRACE ==================

0x00007FFF549C4F69 (KERNELBASE) RaiseException
0x00007FF683F215CD (Unity) EditorMonoConsole::LogToConsoleImplementation
0x00007FF683F2254A (Unity) EditorMonoConsole::LogToConsoleImplementation
0x00007FF685B5B46E (Unity) DebugStringToFilePostprocessedStacktrace
0x00007FF685B5AA1F (Unity) DebugStringToFile
0x00007FF682CDC58E (Unity) CachedReader::OutOfBoundsError
0x00007FF682CE1664 (Unity) CachedReader::UpdateReadCache
0x00007FF6819FFFF3 (Unity) TransferPPtr<StreamedBinaryRead>
0x00007FF68339E23B (Unity) TransferField_NonArray<StreamedBinaryRead,Converter_UnityEngineObject>
0x00007FF6833C37A2 (Unity) Transfer_UnityEngineObject<StreamedBinaryRead,0>
0x00007FF681B95BE6 (Unity) ExecuteSerializationCommands<ConfigSettingsRead>
0x00007FF6833C1CE2 (Unity) Transfer_ManagedObject<StreamedBinaryRead,0>
0x00007FF682E3E236 (Unity) ExecuteSerializationCommands<SafeBinaryRead>
0x00007FF682E4517E (Unity) TransferScriptingObject<StreamedBinaryRead,0>
0x00007FF682E6062C (Unity) SerializableManagedRefTransfer::TransferBinaryInstanceOnly
0x00007FF682E40498 (Unity) SerializableManagedRefTransfer::RestoreBackupImpl<SerializableManagedRefBackupGenerator>
0x00007FF682E4033B (Unity) SerializableManagedRefTransfer::RestoreBackup<SerializableManagedRefBackupGenerator>
0x00007FF6833D8E47 (Unity) SerializableManagedRefsUtilities::RestoreBackups
0x00007FF6833146C4 (Unity) MonoManager::EndReloadAssembly
0x00007FF68331B687 (Unity) MonoManager::ReloadAssembly
0x00007FF684720231 (Unity) LoadDomainAndUserAssemblies
0x00007FF684720899 (Unity) LoadUserAssemblies
0x00007FF684B978D8 (Unity) <lambda_905da1b37eb57b5d14adff71480f0ceb>::operator()
0x00007FF684C3BFC2 (Unity) asio::detail::completion_handler<core::mutable_function<void __cdecl(void)> >::do_complete
0x00007FF684C3E120 (Unity) asio::detail::win_iocp_io_service::do_one
0x00007FF684C418AE (Unity) asio::io_service::run
0x00007FF684BC478B (Unity) RunAssetImportWorkerClientV2
0x00007FF684BC47E0 (Unity) RunAssetImporterV2
0x00007FF68407C746 (Unity) Application::InitializeProject
0x00007FF684A33452 (Unity) WinMain
0x00007FF6867E4416 (Unity) __scrt_common_main_seh
0x00007FFF564D7034 (KERNEL32) BaseThreadInitThunk
0x00007FFF56C62651 (ntdll) RtlUserThreadStart

========== END OF STACKTRACE ===========

A crash has been intercepted by the crash handler. For call stack and other details, see the latest crash report generated in:
 * C:/Users/Richard/AppData/Local/Temp/Unity/Editor/Crashes
