Using pre-set license
Built from '2020.3/staging' branch; Version is '2020.3.24f1 (79c78de19888) revision 7980941'; Using compiler version '192528614'; Build Type 'Release'
OS: 'Windows 10  (10.0.19042) 64bit Professional' Language: 'es' Physical Memory: 16327 MB
BatchMode: 1, IsHumanControllingUs: 0, StartBugReporterOnCrash: 0, Is64bit: 1, IsPro: 0

COMMAND LINE ARGUMENTS:
C:\Program Files\Unity\Hub\Editor\2020.3.24f1\Editor\Unity.exe
-adb2
-batchMode
-noUpm
-name
AssetImportWorker1
-projectPath
C:/Users/Richard/Desktop/Prog. Projects/Github Repositories/Programming-Theory-Project/Programming Theory Project
-logFile
Logs/AssetImportWorker1.log
-srvPort
54792
Successfully changed project path to: C:/Users/Richard/Desktop/Prog. Projects/Github Repositories/Programming-Theory-Project/Programming Theory Project
C:/Users/Richard/Desktop/Prog. Projects/Github Repositories/Programming-Theory-Project/Programming Theory Project
Using Asset Import Pipeline V2.
Refreshing native plugins compatible for Editor in 72.22 ms, found 2 plugins.
Preloading 0 native plugins for Editor in 0.00 ms.
Initialize engine version: 2020.3.24f1 (79c78de19888)
[Subsystems] Discovering subsystems at path C:/Program Files/Unity/Hub/Editor/2020.3.24f1/Editor/Data/Resources/UnitySubsystems
[Subsystems] Discovering subsystems at path C:/Users/Richard/Desktop/Prog. Projects/Github Repositories/Programming-Theory-Project/Programming Theory Project/Assets
GfxDevice: creating device client; threaded=0
Direct3D:
    Version:  Direct3D 11.0 [level 11.1]
    Renderer: NVIDIA GeForce RTX 3070 (ID=0x2484)
    Vendor:   
    VRAM:     8043 MB
    Driver:   30.0.14.9709
Initialize mono
Mono path[0] = 'C:/Program Files/Unity/Hub/Editor/2020.3.24f1/Editor/Data/Managed'
Mono path[1] = 'C:/Program Files/Unity/Hub/Editor/2020.3.24f1/Editor/Data/MonoBleedingEdge/lib/mono/unityjit'
Mono config path = 'C:/Program Files/Unity/Hub/Editor/2020.3.24f1/Editor/Data/MonoBleedingEdge/etc'
Using monoOptions --debugger-agent=transport=dt_socket,embedding=1,server=y,suspend=n,address=127.0.0.1:56264
Begin MonoManager ReloadAssembly
Registering precompiled unity dll's ...
Register platform support module: C:/Program Files/Unity/Hub/Editor/2020.3.24f1/Editor/Data/PlaybackEngines/WebGLSupport/UnityEditor.WebGL.Extensions.dll
Register platform support module: C:/Program Files/Unity/Hub/Editor/2020.3.24f1/Editor/Data/PlaybackEngines/WindowsStandaloneSupport/UnityEditor.WindowsStandalone.Extensions.dll
Registered in 0.002697 seconds.
Native extension for WindowsStandalone target not found
Native extension for WebGL target not found
Refreshing native plugins compatible for Editor in 64.00 ms, found 2 plugins.
Preloading 0 native plugins for Editor in 0.00 ms.
Mono: successfully reloaded assembly
- Completed reload, in  0.650 seconds
Domain Reload Profiling:
	ReloadAssembly (650ms)
		BeginReloadAssembly (55ms)
			ExecutionOrderSort (0ms)
			DisableScriptedObjects (0ms)
			BackupInstance (0ms)
			ReleaseScriptingObjects (0ms)
			CreateAndSetChildDomain (1ms)
		EndReloadAssembly (516ms)
			LoadAssemblies (53ms)
			RebuildTransferFunctionScriptingTraits (0ms)
			SetupTypeCache (170ms)
			ReleaseScriptCaches (0ms)
			RebuildScriptCaches (32ms)
			SetupLoadedEditorAssemblies (198ms)
				LogAssemblyErrors (0ms)
				InitializePlatformSupportModulesInManaged (6ms)
				SetLoadedEditorAssemblies (0ms)
				RefreshPlugins (64ms)
				BeforeProcessingInitializeOnLoad (16ms)
				ProcessInitializeOnLoadAttributes (81ms)
				ProcessInitializeOnLoadMethodAttributes (30ms)
				AfterProcessingInitializeOnLoad (0ms)
				EditorAssembliesLoaded (0ms)
			ExecutionOrderSort2 (0ms)
			AwakeInstancesAfterBackupRestoration (0ms)
Platform modules already initialized, skipping
Registering precompiled user dll's ...
Registered in 0.007630 seconds.
Begin MonoManager ReloadAssembly
Native extension for WindowsStandalone target not found
Native extension for WebGL target not found
Refreshing native plugins compatible for Editor in 67.07 ms, found 2 plugins.
Preloading 0 native plugins for Editor in 0.00 ms.
Mono: successfully reloaded assembly
- Completed reload, in  1.326 seconds
Domain Reload Profiling:
	ReloadAssembly (1327ms)
		BeginReloadAssembly (160ms)
			ExecutionOrderSort (0ms)
			DisableScriptedObjects (5ms)
			BackupInstance (0ms)
			ReleaseScriptingObjects (0ms)
			CreateAndSetChildDomain (21ms)
		EndReloadAssembly (1095ms)
			LoadAssemblies (104ms)
			RebuildTransferFunctionScriptingTraits (0ms)
			SetupTypeCache (377ms)
			ReleaseScriptCaches (1ms)
			RebuildScriptCaches (61ms)
			SetupLoadedEditorAssemblies (409ms)
				LogAssemblyErrors (0ms)
				InitializePlatformSupportModulesInManaged (5ms)
				SetLoadedEditorAssemblies (0ms)
				RefreshPlugins (67ms)
				BeforeProcessingInitializeOnLoad (100ms)
				ProcessInitializeOnLoadAttributes (214ms)
				ProcessInitializeOnLoadMethodAttributes (12ms)
				AfterProcessingInitializeOnLoad (10ms)
				EditorAssembliesLoaded (0ms)
			ExecutionOrderSort2 (0ms)
			AwakeInstancesAfterBackupRestoration (7ms)
Platform modules already initialized, skipping
========================================================================
Worker process is ready to serve import requests
Launched and connected shader compiler UnityShaderCompiler.exe after 0.08 seconds
Refreshing native plugins compatible for Editor in 0.86 ms, found 2 plugins.
Preloading 0 native plugins for Editor in 0.00 ms.
Unloading 2940 Unused Serialized files (Serialized files now loaded: 0)
System memory in use before: 131.0 MB.
System memory in use after: 131.2 MB.

Unloading 20 unused Assets to reduce memory usage. Loaded Objects now: 3372.
Total: 5.158600 ms (FindLiveObjects: 0.435700 ms CreateObjectMapping: 0.096800 ms MarkObjects: 4.511600 ms  DeleteObjects: 0.112200 ms)

AssetImportParameters requested are different than current active one (requested -> active):
  custom:framework-win-MediaFoundation: 216162199b28c13a410421893ffa2e32 -> 
  custom:video-decoder-ogg-theora: a1e56fd34408186e4bbccfd4996cb3dc -> 
  custom:container-muxer-webm: aa71ff27fc2769a1b78a27578f13a17b -> 
  custom:container-demuxer-webm: 4f35f7cbe854078d1ac9338744f61a02 -> 
  custom:container-demuxer-ogg: 62fdf1f143b41e24485cea50d1cbac27 -> 
  custom:video-encoder-webm-vp8: eb34c28f22e8b96e1ab97ce403110664 -> 
  custom:video-decoder-webm-vp8: 9c59270c3fd7afecdb556c50c9e8de78 -> 
  custom:audio-decoder-ogg-vorbis: bf7c407c2cedff20999df2af8eb42d56 -> 
  custom:audio-encoder-webm-vorbis: bf7c407c2cedff20999df2af8eb42d56 -> 
========================================================================
Received Import Request.
  path: Assets/Asset Unlock - 3D Prototyping/Prototyping Assets/Materials/Environment/Maze_Floor_Mat.mat
  artifactKey: Guid(87d7260b9c9de304ba395949900b1a11) Importer(815301076,1909f56bfc062723c751e8b465ee728b)
Start importing Assets/Asset Unlock - 3D Prototyping/Prototyping Assets/Materials/Environment/Maze_Floor_Mat.mat using Guid(87d7260b9c9de304ba395949900b1a11) Importer(815301076,1909f56bfc062723c751e8b465ee728b)  -> (artifact id: '80c83e7c28f97ee8fdc0953ef7ae92a3') in 0.600333 seconds 
  Import took 0.605869 seconds .

========================================================================
Received Import Request.
  Time since last request: 0.000246 seconds.
  path: Assets/Asset Unlock - 3D Prototyping/Prototyping Assets/Materials/Environment/Maze_Brick_Mat.mat
  artifactKey: Guid(41ea71e2b2dd5cb4788b21be02465327) Importer(815301076,1909f56bfc062723c751e8b465ee728b)
Start importing Assets/Asset Unlock - 3D Prototyping/Prototyping Assets/Materials/Environment/Maze_Brick_Mat.mat using Guid(41ea71e2b2dd5cb4788b21be02465327) Importer(815301076,1909f56bfc062723c751e8b465ee728b)  -> (artifact id: 'b6f61b1f26765c389f95a52e14e329fa') in 0.260702 seconds 
  Import took 0.265856 seconds .

========================================================================
Received Import Request.
  Time since last request: 0.000242 seconds.
  path: Assets/Asset Unlock - 3D Prototyping/Prototyping Assets/Materials/Environment/Maze_Ramp_Mat.mat
  artifactKey: Guid(8d3d1aaa0e2b00c47b20b19479f390fc) Importer(815301076,1909f56bfc062723c751e8b465ee728b)
Start importing Assets/Asset Unlock - 3D Prototyping/Prototyping Assets/Materials/Environment/Maze_Ramp_Mat.mat using Guid(8d3d1aaa0e2b00c47b20b19479f390fc) Importer(815301076,1909f56bfc062723c751e8b465ee728b)  -> (artifact id: '7cddc34bb2c8b6cb8cae365b277043da') in 0.341402 seconds 
  Import took 0.346760 seconds .

========================================================================
Received Import Request.
  Time since last request: 0.000230 seconds.
  path: Assets/Asset Unlock - 3D Prototyping/Prototyping Assets/Materials/Environment/Maze_Metal_Mat.mat
  artifactKey: Guid(c7ba1f44961f316469701cf3fdfc5388) Importer(815301076,1909f56bfc062723c751e8b465ee728b)
Start importing Assets/Asset Unlock - 3D Prototyping/Prototyping Assets/Materials/Environment/Maze_Metal_Mat.mat using Guid(c7ba1f44961f316469701cf3fdfc5388) Importer(815301076,1909f56bfc062723c751e8b465ee728b)  -> (artifact id: '798292e56c858bcb733027232c8e1551') in 0.275017 seconds 
  Import took 0.280149 seconds .

========================================================================
Received Import Request.
  Time since last request: 0.000256 seconds.
  path: Assets/Asset Unlock - 3D Prototyping/Prototyping Assets/Materials/Environment/Maze_TintedGlass_Mat.mat
  artifactKey: Guid(240eddb16eadaf24c9d4579b8966a8f9) Importer(815301076,1909f56bfc062723c751e8b465ee728b)
Start importing Assets/Asset Unlock - 3D Prototyping/Prototyping Assets/Materials/Environment/Maze_TintedGlass_Mat.mat using Guid(240eddb16eadaf24c9d4579b8966a8f9) Importer(815301076,1909f56bfc062723c751e8b465ee728b)  -> (artifact id: 'b90e542605ecff4c812b0e84227fd3b8') in 0.239818 seconds 
  Import took 0.245074 seconds .

========================================================================
Received Import Request.
  Time since last request: 0.000255 seconds.
  path: Assets/Asset Unlock - 3D Prototyping/Prototyping Assets/Materials/Environment/Maze_Emissive_Mat.mat
  artifactKey: Guid(a1d21023d64d8a041beaba48c86efa2f) Importer(815301076,1909f56bfc062723c751e8b465ee728b)
Start importing Assets/Asset Unlock - 3D Prototyping/Prototyping Assets/Materials/Environment/Maze_Emissive_Mat.mat using Guid(a1d21023d64d8a041beaba48c86efa2f) Importer(815301076,1909f56bfc062723c751e8b465ee728b)  -> (artifact id: 'b5775404455f315ac6cfa75f545f4ad3') in 0.250532 seconds 
  Import took 0.255895 seconds .

========================================================================
Received Import Request.
  Time since last request: 0.000244 seconds.
  path: Assets/Asset Unlock - 3D Prototyping/Prototyping Assets/Materials/Environment/Maze_Grey_Mat.mat
  artifactKey: Guid(d52087653c77e3e439f2001f4a8fd3c7) Importer(815301076,1909f56bfc062723c751e8b465ee728b)
Start importing Assets/Asset Unlock - 3D Prototyping/Prototyping Assets/Materials/Environment/Maze_Grey_Mat.mat using Guid(d52087653c77e3e439f2001f4a8fd3c7) Importer(815301076,1909f56bfc062723c751e8b465ee728b)  -> (artifact id: '8dcb7a221b69ab071d7eabbe5558b049') in 0.014116 seconds 
  Import took 0.019442 seconds .

========================================================================
Received Import Request.
  Time since last request: 166.159060 seconds.
  path: Assets/Asset Unlock - 3D Prototyping/Character/Materials/Home.mat
  artifactKey: Guid(4ca940cff019c41fb900ba772d2028fd) Importer(815301076,1909f56bfc062723c751e8b465ee728b)
Start importing Assets/Asset Unlock - 3D Prototyping/Character/Materials/Home.mat using Guid(4ca940cff019c41fb900ba772d2028fd) Importer(815301076,1909f56bfc062723c751e8b465ee728b)  -> (artifact id: '7e1ce8ae6829c8ecb42e4175ea74ed68') in 0.014309 seconds 
  Import took 0.020288 seconds .

========================================================================
Received Import Request.
  Time since last request: 0.000260 seconds.
  path: Assets/Asset Unlock - 3D Prototyping/Character/Animations/Player@Run_Right.fbx
  artifactKey: Guid(4ef226e844d868d459dcccd09e0d00a8) Importer(815301076,1909f56bfc062723c751e8b465ee728b)
Start importing Assets/Asset Unlock - 3D Prototyping/Character/Animations/Player@Run_Right.fbx using Guid(4ef226e844d868d459dcccd09e0d00a8) Importer(815301076,1909f56bfc062723c751e8b465ee728b)  -> (artifact id: '7fc7f3f7f2190764709c9cffc71c248c') in 0.120699 seconds 
  Import took 0.126593 seconds .

========================================================================
Received Import Request.
  Time since last request: 0.000226 seconds.
  path: Assets/Asset Unlock - 3D Prototyping/Character/Animations/Player@Jump.fbx
  artifactKey: Guid(6392f929f64b987439d2b17c1782d7b7) Importer(815301076,1909f56bfc062723c751e8b465ee728b)
Start importing Assets/Asset Unlock - 3D Prototyping/Character/Animations/Player@Jump.fbx using Guid(6392f929f64b987439d2b17c1782d7b7) Importer(815301076,1909f56bfc062723c751e8b465ee728b)  -> (artifact id: '8566c5f7146c2cfde78bcde40fffe83c') in 0.044211 seconds 
  Import took 0.049946 seconds .

========================================================================
Received Import Request.
  Time since last request: 0.000239 seconds.
  path: Assets/Asset Unlock - 3D Prototyping/Character/Animations/Player@Run_Left.fbx
  artifactKey: Guid(82d61625b242c0648b53f530255fdf2c) Importer(815301076,1909f56bfc062723c751e8b465ee728b)
Start importing Assets/Asset Unlock - 3D Prototyping/Character/Animations/Player@Run_Left.fbx using Guid(82d61625b242c0648b53f530255fdf2c) Importer(815301076,1909f56bfc062723c751e8b465ee728b)  -> (artifact id: '01a45fa8e484c0f11e3560a144a72689') in 0.034406 seconds 
  Import took 0.040122 seconds .

========================================================================
Received Import Request.
  Time since last request: 0.000230 seconds.
  path: Assets/Asset Unlock - 3D Prototyping/Character/Animations/Player@Header.fbx
  artifactKey: Guid(bdd7a3a8eb93a8d4da95e93dc477be06) Importer(815301076,1909f56bfc062723c751e8b465ee728b)
Start importing Assets/Asset Unlock - 3D Prototyping/Character/Animations/Player@Header.fbx using Guid(bdd7a3a8eb93a8d4da95e93dc477be06) Importer(815301076,1909f56bfc062723c751e8b465ee728b)  -> (artifact id: 'fcffc202c73f7965c5346a09d66f31bb') in 0.034578 seconds 
  Import took 0.040820 seconds .

========================================================================
Received Import Request.
  Time since last request: 0.000249 seconds.
  path: Assets/Asset Unlock - 3D Prototyping/Character/Animations/Player@Idle.fbx
  artifactKey: Guid(dece7404437a30844b0b814733705635) Importer(815301076,1909f56bfc062723c751e8b465ee728b)
Start importing Assets/Asset Unlock - 3D Prototyping/Character/Animations/Player@Idle.fbx using Guid(dece7404437a30844b0b814733705635) Importer(815301076,1909f56bfc062723c751e8b465ee728b)  -> (artifact id: 'c34318c2c6e1a1fb928e2d70cd9c185b') in 0.034508 seconds 
  Import took 0.040480 seconds .

========================================================================
Received Import Request.
  Time since last request: 0.000239 seconds.
  path: Assets/Asset Unlock - 3D Prototyping/Character/Models/Player.fbx
  artifactKey: Guid(e789208cc0d30394583b7dff5534029e) Importer(815301076,1909f56bfc062723c751e8b465ee728b)
Start importing Assets/Asset Unlock - 3D Prototyping/Character/Models/Player.fbx using Guid(e789208cc0d30394583b7dff5534029e) Importer(815301076,1909f56bfc062723c751e8b465ee728b)  -> (artifact id: '7b23ca89082fa30b447b229c6f421b7a') in 0.040053 seconds 
  Import took 0.045671 seconds .

========================================================================
Received Import Request.
  Time since last request: 0.000227 seconds.
  path: Assets/Asset Unlock - 3D Prototyping/Character/Animations/Player@Run.fbx
  artifactKey: Guid(e34fa8afc9a55ed4bacccda1cd9aa7b4) Importer(815301076,1909f56bfc062723c751e8b465ee728b)
Start importing Assets/Asset Unlock - 3D Prototyping/Character/Animations/Player@Run.fbx using Guid(e34fa8afc9a55ed4bacccda1cd9aa7b4) Importer(815301076,1909f56bfc062723c751e8b465ee728b)  -> (artifact id: '61728a8ccd9f34a8f513f8d3f15346ac') in 0.040241 seconds 
  Import took 0.045562 seconds .

========================================================================
Received Import Request.
  Time since last request: 0.000233 seconds.
  path: Assets/Asset Unlock - 3D Prototyping/Character/Animations/Player@Run_BckWrd.fbx
  artifactKey: Guid(f5d5fb87657e160439520b9506935117) Importer(815301076,1909f56bfc062723c751e8b465ee728b)
Start importing Assets/Asset Unlock - 3D Prototyping/Character/Animations/Player@Run_BckWrd.fbx using Guid(f5d5fb87657e160439520b9506935117) Importer(815301076,1909f56bfc062723c751e8b465ee728b)  -> (artifact id: 'ea6d45fb47ca97be5c99257c96527111') in 0.035897 seconds 
  Import took 0.041586 seconds .

========================================================================
Received Prepare
Registering precompiled user dll's ...
Registered in 0.005340 seconds.
Begin MonoManager ReloadAssembly
Native extension for WindowsStandalone target not found
Native extension for WebGL target not found
Refreshing native plugins compatible for Editor in 0.72 ms, found 2 plugins.
Preloading 0 native plugins for Editor in 0.00 ms.
Mono: successfully reloaded assembly
- Completed reload, in  1.191 seconds
Domain Reload Profiling:
	ReloadAssembly (1192ms)
		BeginReloadAssembly (139ms)
			ExecutionOrderSort (0ms)
			DisableScriptedObjects (7ms)
			BackupInstance (0ms)
			ReleaseScriptingObjects (0ms)
			CreateAndSetChildDomain (44ms)
		EndReloadAssembly (984ms)
			LoadAssemblies (94ms)
			RebuildTransferFunctionScriptingTraits (0ms)
			SetupTypeCache (354ms)
			ReleaseScriptCaches (1ms)
			RebuildScriptCaches (47ms)
			SetupLoadedEditorAssemblies (331ms)
				LogAssemblyErrors (0ms)
				InitializePlatformSupportModulesInManaged (5ms)
				SetLoadedEditorAssemblies (1ms)
				RefreshPlugins (1ms)
				BeforeProcessingInitializeOnLoad (98ms)
				ProcessInitializeOnLoadAttributes (211ms)
				ProcessInitializeOnLoadMethodAttributes (9ms)
				AfterProcessingInitializeOnLoad (7ms)
				EditorAssembliesLoaded (0ms)
			ExecutionOrderSort2 (0ms)
			AwakeInstancesAfterBackupRestoration (15ms)
Platform modules already initialized, skipping
Refreshing native plugins compatible for Editor in 0.81 ms, found 2 plugins.
Preloading 0 native plugins for Editor in 0.00 ms.
Unloading 2829 Unused Serialized files (Serialized files now loaded: 0)
System memory in use before: 143.1 MB.
System memory in use after: 143.3 MB.

Unloading 15 unused Assets to reduce memory usage. Loaded Objects now: 3456.
Total: 4.092100 ms (FindLiveObjects: 0.403700 ms CreateObjectMapping: 0.084800 ms MarkObjects: 3.581100 ms  DeleteObjects: 0.021200 ms)

AssetImportParameters requested are different than current active one (requested -> active):
  custom:framework-win-MediaFoundation: 216162199b28c13a410421893ffa2e32 -> 
  custom:video-decoder-ogg-theora: a1e56fd34408186e4bbccfd4996cb3dc -> 
  custom:container-muxer-webm: aa71ff27fc2769a1b78a27578f13a17b -> 
  custom:container-demuxer-webm: 4f35f7cbe854078d1ac9338744f61a02 -> 
  custom:container-demuxer-ogg: 62fdf1f143b41e24485cea50d1cbac27 -> 
  custom:video-encoder-webm-vp8: eb34c28f22e8b96e1ab97ce403110664 -> 
  custom:video-decoder-webm-vp8: 9c59270c3fd7afecdb556c50c9e8de78 -> 
  custom:audio-decoder-ogg-vorbis: bf7c407c2cedff20999df2af8eb42d56 -> 
  custom:audio-encoder-webm-vorbis: bf7c407c2cedff20999df2af8eb42d56 -> 
========================================================================
Received Prepare
Registering precompiled user dll's ...
Registered in 0.006268 seconds.
Begin MonoManager ReloadAssembly
Native extension for WindowsStandalone target not found
Native extension for WebGL target not found
Refreshing native plugins compatible for Editor in 0.72 ms, found 2 plugins.
Preloading 0 native plugins for Editor in 0.00 ms.
Mono: successfully reloaded assembly
- Completed reload, in  1.151 seconds
Domain Reload Profiling:
	ReloadAssembly (1151ms)
		BeginReloadAssembly (125ms)
			ExecutionOrderSort (0ms)
			DisableScriptedObjects (5ms)
			BackupInstance (0ms)
			ReleaseScriptingObjects (0ms)
			CreateAndSetChildDomain (46ms)
		EndReloadAssembly (952ms)
			LoadAssemblies (100ms)
			RebuildTransferFunctionScriptingTraits (0ms)
			SetupTypeCache (343ms)
			ReleaseScriptCaches (2ms)
			RebuildScriptCaches (48ms)
			SetupLoadedEditorAssemblies (312ms)
				LogAssemblyErrors (0ms)
				InitializePlatformSupportModulesInManaged (5ms)
				SetLoadedEditorAssemblies (0ms)
				RefreshPlugins (1ms)
				BeforeProcessingInitializeOnLoad (92ms)
				ProcessInitializeOnLoadAttributes (198ms)
				ProcessInitializeOnLoadMethodAttributes (8ms)
				AfterProcessingInitializeOnLoad (7ms)
				EditorAssembliesLoaded (0ms)
			ExecutionOrderSort2 (0ms)
			AwakeInstancesAfterBackupRestoration (16ms)
Platform modules already initialized, skipping
Refreshing native plugins compatible for Editor in 0.70 ms, found 2 plugins.
Preloading 0 native plugins for Editor in 0.00 ms.
Unloading 2829 Unused Serialized files (Serialized files now loaded: 0)
System memory in use before: 143.1 MB.
System memory in use after: 143.3 MB.

Unloading 15 unused Assets to reduce memory usage. Loaded Objects now: 3458.
Total: 3.815200 ms (FindLiveObjects: 0.392000 ms CreateObjectMapping: 0.090100 ms MarkObjects: 3.312000 ms  DeleteObjects: 0.019500 ms)

AssetImportParameters requested are different than current active one (requested -> active):
  custom:framework-win-MediaFoundation: 216162199b28c13a410421893ffa2e32 -> 
  custom:video-decoder-ogg-theora: a1e56fd34408186e4bbccfd4996cb3dc -> 
  custom:container-muxer-webm: aa71ff27fc2769a1b78a27578f13a17b -> 
  custom:container-demuxer-webm: 4f35f7cbe854078d1ac9338744f61a02 -> 
  custom:container-demuxer-ogg: 62fdf1f143b41e24485cea50d1cbac27 -> 
  custom:video-encoder-webm-vp8: eb34c28f22e8b96e1ab97ce403110664 -> 
  custom:video-decoder-webm-vp8: 9c59270c3fd7afecdb556c50c9e8de78 -> 
  custom:audio-decoder-ogg-vorbis: bf7c407c2cedff20999df2af8eb42d56 -> 
  custom:audio-encoder-webm-vorbis: bf7c407c2cedff20999df2af8eb42d56 -> 
========================================================================
Received Prepare
Registering precompiled user dll's ...
Registered in 0.005787 seconds.
Begin MonoManager ReloadAssembly
Native extension for WindowsStandalone target not found
Native extension for WebGL target not found
Refreshing native plugins compatible for Editor in 0.98 ms, found 2 plugins.
Preloading 0 native plugins for Editor in 0.00 ms.
Mono: successfully reloaded assembly
- Completed reload, in  1.168 seconds
Domain Reload Profiling:
	ReloadAssembly (1169ms)
		BeginReloadAssembly (124ms)
			ExecutionOrderSort (0ms)
			DisableScriptedObjects (4ms)
			BackupInstance (0ms)
			ReleaseScriptingObjects (0ms)
			CreateAndSetChildDomain (38ms)
		EndReloadAssembly (977ms)
			LoadAssemblies (91ms)
			RebuildTransferFunctionScriptingTraits (0ms)
			SetupTypeCache (355ms)
			ReleaseScriptCaches (2ms)
			RebuildScriptCaches (46ms)
			SetupLoadedEditorAssemblies (330ms)
				LogAssemblyErrors (0ms)
				InitializePlatformSupportModulesInManaged (6ms)
				SetLoadedEditorAssemblies (1ms)
				RefreshPlugins (1ms)
				BeforeProcessingInitializeOnLoad (101ms)
				ProcessInitializeOnLoadAttributes (204ms)
				ProcessInitializeOnLoadMethodAttributes (10ms)
				AfterProcessingInitializeOnLoad (7ms)
				EditorAssembliesLoaded (0ms)
			ExecutionOrderSort2 (0ms)
			AwakeInstancesAfterBackupRestoration (16ms)
Platform modules already initialized, skipping
Refreshing native plugins compatible for Editor in 0.76 ms, found 2 plugins.
Preloading 0 native plugins for Editor in 0.00 ms.
Unloading 2829 Unused Serialized files (Serialized files now loaded: 0)
System memory in use before: 143.1 MB.
System memory in use after: 143.4 MB.

Unloading 15 unused Assets to reduce memory usage. Loaded Objects now: 3460.
Total: 4.166400 ms (FindLiveObjects: 0.341200 ms CreateObjectMapping: 0.082400 ms MarkObjects: 3.721700 ms  DeleteObjects: 0.019300 ms)

AssetImportParameters requested are different than current active one (requested -> active):
  custom:framework-win-MediaFoundation: 216162199b28c13a410421893ffa2e32 -> 
  custom:video-decoder-ogg-theora: a1e56fd34408186e4bbccfd4996cb3dc -> 
  custom:container-muxer-webm: aa71ff27fc2769a1b78a27578f13a17b -> 
  custom:container-demuxer-webm: 4f35f7cbe854078d1ac9338744f61a02 -> 
  custom:container-demuxer-ogg: 62fdf1f143b41e24485cea50d1cbac27 -> 
  custom:video-encoder-webm-vp8: eb34c28f22e8b96e1ab97ce403110664 -> 
  custom:video-decoder-webm-vp8: 9c59270c3fd7afecdb556c50c9e8de78 -> 
  custom:audio-decoder-ogg-vorbis: bf7c407c2cedff20999df2af8eb42d56 -> 
  custom:audio-encoder-webm-vorbis: bf7c407c2cedff20999df2af8eb42d56 -> 
========================================================================
Received Import Request.
  Time since last request: 572.757006 seconds.
  path: Assets/Asset Unlock - 3D Prototyping/Scripts/ThirdPersonController.cs
  artifactKey: Guid(38f754c33d3312e409fddb2725b41b94) Importer(815301076,1909f56bfc062723c751e8b465ee728b)
Start importing Assets/Asset Unlock - 3D Prototyping/Scripts/ThirdPersonController.cs using Guid(38f754c33d3312e409fddb2725b41b94) Importer(815301076,1909f56bfc062723c751e8b465ee728b)  -> (artifact id: '991576f73fb5222d41fa82091d81fc3e') in 0.018186 seconds 
  Import took 0.023491 seconds .

========================================================================
Received Import Request.
  Time since last request: 0.724872 seconds.
  path: Assets/Asset Unlock - 3D Prototyping/Settings/UniversalRenderPipelineAsset.asset
  artifactKey: Guid(472f49eb19962e34184eceef7a576200) Importer(815301076,1909f56bfc062723c751e8b465ee728b)
Start importing Assets/Asset Unlock - 3D Prototyping/Settings/UniversalRenderPipelineAsset.asset using Guid(472f49eb19962e34184eceef7a576200) Importer(815301076,1909f56bfc062723c751e8b465ee728b)  -> (artifact id: '0fae484b2fc4d1577e9be70a784d0750') in 0.035092 seconds 
  Import took 0.040591 seconds .

========================================================================
Received Import Request.
  Time since last request: 0.000208 seconds.
  path: Assets/Asset Unlock - 3D Prototyping/Settings/UniversalRenderPipelineAsset_Renderer.asset
  artifactKey: Guid(1fc187d3514d7824dbf7bea6adfeedc2) Importer(815301076,1909f56bfc062723c751e8b465ee728b)
Start importing Assets/Asset Unlock - 3D Prototyping/Settings/UniversalRenderPipelineAsset_Renderer.asset using Guid(1fc187d3514d7824dbf7bea6adfeedc2) Importer(815301076,1909f56bfc062723c751e8b465ee728b)  -> (artifact id: '7ab8d3524ba3cdaff0022e40e933933f') in 0.007781 seconds 
  Import took 0.012357 seconds .

========================================================================
Received Import Request.
  Time since last request: 60.551397 seconds.
  path: Assets/Asset Unlock - 3D Prototyping/Prototyping Assets/Textures/Particles/Rings.png
  artifactKey: Guid(38158579d488b8b419bec8a74b8ac587) Importer(815301076,1909f56bfc062723c751e8b465ee728b)
Start importing Assets/Asset Unlock - 3D Prototyping/Prototyping Assets/Textures/Particles/Rings.png using Guid(38158579d488b8b419bec8a74b8ac587) Importer(815301076,1909f56bfc062723c751e8b465ee728b)  -> (artifact id: 'abeae99f37ff30fccb27966ce7d13f95') in 0.044785 seconds 
  Import took 0.050009 seconds .

========================================================================
Received Import Request.
  Time since last request: 17.059717 seconds.
  path: Assets/Asset Unlock - 3D Prototyping/Prototyping Assets/Models/Environment/Block.FBX
  artifactKey: Guid(34280df3a4c5cfb43999bae498b30eb0) Importer(815301076,1909f56bfc062723c751e8b465ee728b)
Start importing Assets/Asset Unlock - 3D Prototyping/Prototyping Assets/Models/Environment/Block.FBX using Guid(34280df3a4c5cfb43999bae498b30eb0) Importer(815301076,1909f56bfc062723c751e8b465ee728b)  -> (artifact id: '7fa458e4f8aade4debc153ec7294c0f6') in 0.172458 seconds 
  Import took 0.178031 seconds .

========================================================================
Received Import Request.
  Time since last request: 0.000232 seconds.
  path: Assets/Asset Unlock - 3D Prototyping/Prototyping Assets/Models/Environment/WallStraightTall.fbx
  artifactKey: Guid(ab8d2a9a35b3ffc4a8439c030f8446f3) Importer(815301076,1909f56bfc062723c751e8b465ee728b)
Start importing Assets/Asset Unlock - 3D Prototyping/Prototyping Assets/Models/Environment/WallStraightTall.fbx using Guid(ab8d2a9a35b3ffc4a8439c030f8446f3) Importer(815301076,1909f56bfc062723c751e8b465ee728b)  -> (artifact id: '601220ddeb2e2a478e5dfef942da44f6') in 0.024234 seconds 
  Import took 0.028895 seconds .

========================================================================
Received Import Request.
  Time since last request: 0.000212 seconds.
  path: Assets/Asset Unlock - 3D Prototyping/Prototyping Assets/Models/Environment/WallArch.FBX
  artifactKey: Guid(69bbaf58db48e7f40ab082809ef33c1f) Importer(815301076,1909f56bfc062723c751e8b465ee728b)
Start importing Assets/Asset Unlock - 3D Prototyping/Prototyping Assets/Models/Environment/WallArch.FBX using Guid(69bbaf58db48e7f40ab082809ef33c1f) Importer(815301076,1909f56bfc062723c751e8b465ee728b)  -> (artifact id: '0f09fa3f6f4a5612ec2a36a3775564cc') in 0.023635 seconds 
  Import took 0.028421 seconds .

========================================================================
Received Import Request.
  Time since last request: 0.000250 seconds.
  path: Assets/Asset Unlock - 3D Prototyping/Prototyping Assets/Models/Environment/WallStraightShortTall.fbx
  artifactKey: Guid(ed6909be2d4b4de46ac4933d5c2a7910) Importer(815301076,1909f56bfc062723c751e8b465ee728b)
Start importing Assets/Asset Unlock - 3D Prototyping/Prototyping Assets/Models/Environment/WallStraightShortTall.fbx using Guid(ed6909be2d4b4de46ac4933d5c2a7910) Importer(815301076,1909f56bfc062723c751e8b465ee728b)  -> (artifact id: '947cef6ee02458df1302daf8c2274168') in 0.020498 seconds 
  Import took 0.026490 seconds .

========================================================================
Received Import Request.
  Time since last request: 0.000253 seconds.
  path: Assets/Asset Unlock - 3D Prototyping/Prototyping Assets/Models/Environment/WallStraightShort.FBX
  artifactKey: Guid(da53a2c2dab9c5b48bffc3f8f836f216) Importer(815301076,1909f56bfc062723c751e8b465ee728b)
Start importing Assets/Asset Unlock - 3D Prototyping/Prototyping Assets/Models/Environment/WallStraightShort.FBX using Guid(da53a2c2dab9c5b48bffc3f8f836f216) Importer(815301076,1909f56bfc062723c751e8b465ee728b)  -> (artifact id: '460ed126f5023acaa2945348243e99b7') in 0.023135 seconds 
  Import took 0.028473 seconds .

========================================================================
Received Import Request.
  Time since last request: 0.000220 seconds.
  path: Assets/Asset Unlock - 3D Prototyping/Prototyping Assets/Models/Environment/WallRailing.fbx
  artifactKey: Guid(9ffa81f04b8d1cf4e8e233ec336f7f68) Importer(815301076,1909f56bfc062723c751e8b465ee728b)
Start importing Assets/Asset Unlock - 3D Prototyping/Prototyping Assets/Models/Environment/WallRailing.fbx using Guid(9ffa81f04b8d1cf4e8e233ec336f7f68) Importer(815301076,1909f56bfc062723c751e8b465ee728b)  -> (artifact id: 'd29075b59904d5abbb5d23645b6cf6bd') in 0.018930 seconds 
  Import took 0.024018 seconds .

========================================================================
Received Import Request.
  Time since last request: 0.000203 seconds.
  path: Assets/Asset Unlock - 3D Prototyping/Prototyping Assets/Models/Environment/MovingPlatform.fbx
  artifactKey: Guid(3e74680ba5adf184093ccbe033f44785) Importer(815301076,1909f56bfc062723c751e8b465ee728b)
Start importing Assets/Asset Unlock - 3D Prototyping/Prototyping Assets/Models/Environment/MovingPlatform.fbx using Guid(3e74680ba5adf184093ccbe033f44785) Importer(815301076,1909f56bfc062723c751e8b465ee728b)  -> (artifact id: '0ac7e9f67b2aec5c4c34c0f59d504cdf') in 0.019065 seconds 
  Import took 0.024110 seconds .

========================================================================
Received Import Request.
  Time since last request: 0.000216 seconds.
  path: Assets/Asset Unlock - 3D Prototyping/Prototyping Assets/Models/Environment/RampLarge.fbx
  artifactKey: Guid(88898fc5a2011ec4fbee7819978422cb) Importer(815301076,1909f56bfc062723c751e8b465ee728b)
Start importing Assets/Asset Unlock - 3D Prototyping/Prototyping Assets/Models/Environment/RampLarge.fbx using Guid(88898fc5a2011ec4fbee7819978422cb) Importer(815301076,1909f56bfc062723c751e8b465ee728b)  -> (artifact id: '7a82fb7b85fac5e470d86f5c5b198a36') in 0.019184 seconds 
  Import took 0.024869 seconds .

========================================================================
Received Import Request.
  Time since last request: 0.000218 seconds.
  path: Assets/Asset Unlock - 3D Prototyping/Prototyping Assets/Models/Environment/Door.fbx
  artifactKey: Guid(fab9875d285db6f478ec8c53205ede3a) Importer(815301076,1909f56bfc062723c751e8b465ee728b)
Start importing Assets/Asset Unlock - 3D Prototyping/Prototyping Assets/Models/Environment/Door.fbx using Guid(fab9875d285db6f478ec8c53205ede3a) Importer(815301076,1909f56bfc062723c751e8b465ee728b)  -> (artifact id: 'ee95d0600b023c0c51badf96c9ef2016') in 0.020391 seconds 
  Import took 0.025804 seconds .

========================================================================
Received Import Request.
  Time since last request: 0.000238 seconds.
  path: Assets/Asset Unlock - 3D Prototyping/Prototyping Assets/Models/Environment/WallColumn.FBX
  artifactKey: Guid(2bb6073e34257dd4988fe6290d3360a0) Importer(815301076,1909f56bfc062723c751e8b465ee728b)
Start importing Assets/Asset Unlock - 3D Prototyping/Prototyping Assets/Models/Environment/WallColumn.FBX using Guid(2bb6073e34257dd4988fe6290d3360a0) Importer(815301076,1909f56bfc062723c751e8b465ee728b)  -> (artifact id: 'd7de10ecad723e7d62e33789644ee80b') in 0.020820 seconds 
  Import took 0.026238 seconds .

========================================================================
Received Import Request.
  Time since last request: 0.000262 seconds.
  path: Assets/Asset Unlock - 3D Prototyping/Prototyping Assets/Models/Environment/WallCorner.FBX
  artifactKey: Guid(920b48bbac91d2f4dbea698ceb5e1af3) Importer(815301076,1909f56bfc062723c751e8b465ee728b)
Start importing Assets/Asset Unlock - 3D Prototyping/Prototyping Assets/Models/Environment/WallCorner.FBX using Guid(920b48bbac91d2f4dbea698ceb5e1af3) Importer(815301076,1909f56bfc062723c751e8b465ee728b)  -> (artifact id: 'ab321d9a233c3e71d6c6e051a4cceb33') in 0.018619 seconds 
  Import took 0.023549 seconds .

========================================================================
Received Import Request.
  Time since last request: 0.000216 seconds.
  path: Assets/Asset Unlock - 3D Prototyping/Prototyping Assets/Models/Environment/WallStraight.fbx
  artifactKey: Guid(21805eab2d6825a4089c791219aa226a) Importer(815301076,1909f56bfc062723c751e8b465ee728b)
Start importing Assets/Asset Unlock - 3D Prototyping/Prototyping Assets/Models/Environment/WallStraight.fbx using Guid(21805eab2d6825a4089c791219aa226a) Importer(815301076,1909f56bfc062723c751e8b465ee728b)  -> (artifact id: '317ed5fbeb8c327e26c13861218ad4d5') in 0.021998 seconds 
  Import took 0.026655 seconds .

========================================================================
Received Import Request.
  Time since last request: 0.000254 seconds.
  path: Assets/Asset Unlock - 3D Prototyping/Prototyping Assets/Models/Environment/WallCurved.FBX
  artifactKey: Guid(2c11740ad471cef4181979f12cfac90b) Importer(815301076,1909f56bfc062723c751e8b465ee728b)
Start importing Assets/Asset Unlock - 3D Prototyping/Prototyping Assets/Models/Environment/WallCurved.FBX using Guid(2c11740ad471cef4181979f12cfac90b) Importer(815301076,1909f56bfc062723c751e8b465ee728b)  -> (artifact id: 'e690d82c3b21499a3067d92215146118') in 0.020345 seconds 
  Import took 0.025047 seconds .

========================================================================
Received Import Request.
  Time since last request: 0.000203 seconds.
  path: Assets/Asset Unlock - 3D Prototyping/Prototyping Assets/Models/Environment/WallCornerShort.FBX
  artifactKey: Guid(5535d159d78536d4d96c1a81454e027f) Importer(815301076,1909f56bfc062723c751e8b465ee728b)
Start importing Assets/Asset Unlock - 3D Prototyping/Prototyping Assets/Models/Environment/WallCornerShort.FBX using Guid(5535d159d78536d4d96c1a81454e027f) Importer(815301076,1909f56bfc062723c751e8b465ee728b)  -> (artifact id: '26ac415d5c64cae17eb1ef24bbb73434') in 0.020206 seconds 
  Import took 0.025364 seconds .

========================================================================
Received Import Request.
  Time since last request: 0.000263 seconds.
  path: Assets/Asset Unlock - 3D Prototyping/Prototyping Assets/Models/Environment/Ramp.FBX
  artifactKey: Guid(5f5f6366ba268ac458c6f1045342a387) Importer(815301076,1909f56bfc062723c751e8b465ee728b)
Start importing Assets/Asset Unlock - 3D Prototyping/Prototyping Assets/Models/Environment/Ramp.FBX using Guid(5f5f6366ba268ac458c6f1045342a387) Importer(815301076,1909f56bfc062723c751e8b465ee728b)  -> (artifact id: '76565831f181696e1bf67dc31c10cf2f') in 0.019384 seconds 
  Import took 0.024054 seconds .

========================================================================
Received Import Request.
  Time since last request: 0.000263 seconds.
  path: Assets/Asset Unlock - 3D Prototyping/Prototyping Assets/Models/Environment/Steps.fbx
  artifactKey: Guid(db943061f19b69d4292af40f2e56eaae) Importer(815301076,1909f56bfc062723c751e8b465ee728b)
Start importing Assets/Asset Unlock - 3D Prototyping/Prototyping Assets/Models/Environment/Steps.fbx using Guid(db943061f19b69d4292af40f2e56eaae) Importer(815301076,1909f56bfc062723c751e8b465ee728b)  -> (artifact id: 'c409ed20d90d68e20a849e3adf76a636') in 0.020576 seconds 
  Import took 0.025934 seconds .

========================================================================
Received Import Request.
  Time since last request: 35.286868 seconds.
  path: Assets/Asset Unlock - 3D Prototyping/Character/Animations/Player.controller
  artifactKey: Guid(f4699914387f343499505f4ab1a077cc) Importer(815301076,1909f56bfc062723c751e8b465ee728b)
Start importing Assets/Asset Unlock - 3D Prototyping/Character/Animations/Player.controller using Guid(f4699914387f343499505f4ab1a077cc) Importer(815301076,1909f56bfc062723c751e8b465ee728b)  -> (artifact id: '4383c544cbcb1bd4002e7e3ceedb8729') in 0.011350 seconds 
  Import took 0.017222 seconds .

========================================================================
Received Import Request.
  Time since last request: 8.736481 seconds.
  path: Assets/Asset Unlock - 3D Prototyping/Character/Prefabs/Character.prefab
  artifactKey: Guid(34993209cc13e475999759793043db60) Importer(815301076,1909f56bfc062723c751e8b465ee728b)
Start importing Assets/Asset Unlock - 3D Prototyping/Character/Prefabs/Character.prefab using Guid(34993209cc13e475999759793043db60) Importer(815301076,1909f56bfc062723c751e8b465ee728b)  -> (artifact id: 'f71468edd964b5554b4ea34e552388a2') in 0.025720 seconds 
  Import took 0.032311 seconds .

========================================================================
Received Import Request.
  Time since last request: 0.000220 seconds.
  path: Assets/Asset Unlock - 3D Prototyping/Character/Prefabs/CharacterRig.prefab
  artifactKey: Guid(bfd644a7bccd7f54fa7fc3378932bf9c) Importer(815301076,1909f56bfc062723c751e8b465ee728b)
Start importing Assets/Asset Unlock - 3D Prototyping/Character/Prefabs/CharacterRig.prefab using Guid(bfd644a7bccd7f54fa7fc3378932bf9c) Importer(815301076,1909f56bfc062723c751e8b465ee728b)  -> (artifact id: 'a0e6386e704b7c6851ae68b7d302d27c') in 0.044085 seconds 
  Import took 0.050073 seconds .

========================================================================
Received Import Request.
  Time since last request: 44.555783 seconds.
  path: Assets/Asset Unlock - 3D Prototyping/Settings/UniversalRenderPipelineAsset_Renderer.asset
  artifactKey: Guid(1fc187d3514d7824dbf7bea6adfeedc2) Importer(815301076,1909f56bfc062723c751e8b465ee728b)
Start importing Assets/Asset Unlock - 3D Prototyping/Settings/UniversalRenderPipelineAsset_Renderer.asset using Guid(1fc187d3514d7824dbf7bea6adfeedc2) Importer(815301076,1909f56bfc062723c751e8b465ee728b)  -> (artifact id: 'f4c1b6551a4fc16c581c1925ba94fe42') in 0.010980 seconds 
  Import took 0.016568 seconds .

AssetImportWorkerClient::OnTransportError - code=2 error=End of file
